{"C:\\Users\\wtrem\\Projects\\SpaceMaquette\\space-maquette-frontend\\space-maquette-server\\src\\logger.js": {"path":"C:\\Users\\wtrem\\Projects\\SpaceMaquette\\space-maquette-frontend\\space-maquette-server\\src\\logger.js","statementMap":{"0":{"start":{"line":2,"column":11},"end":{"line":2,"column":24}},"1":{"start":{"line":3,"column":13},"end":{"line":3,"column":28}},"2":{"start":{"line":5,"column":17},"end":{"line":5,"column":35}},"3":{"start":{"line":7,"column":0},"end":{"line":21,"column":1}},"4":{"start":{"line":8,"column":21},"end":{"line":8,"column":63}},"5":{"start":{"line":9,"column":2},"end":{"line":17,"column":3}},"6":{"start":{"line":10,"column":23},"end":{"line":10,"column":50}},"7":{"start":{"line":11,"column":27},"end":{"line":11,"column":60}},"8":{"start":{"line":13,"column":4},"end":{"line":13,"column":54}},"9":{"start":{"line":14,"column":4},"end":{"line":14,"column":63}},"10":{"start":{"line":16,"column":5},"end":{"line":16,"column":102}},"11":{"start":{"line":19,"column":2},"end":{"line":19,"column":80}},"12":{"start":{"line":31,"column":2},"end":{"line":34,"column":3}},"13":{"start":{"line":33,"column":4},"end":{"line":33,"column":74}},"14":{"start":{"line":37,"column":0},"end":{"line":41,"column":2}}},"fnMap":{"0":{"name":"logDebug","decl":{"start":{"line":29,"column":9},"end":{"line":29,"column":17}},"loc":{"start":{"line":29,"column":32},"end":{"line":35,"column":1}},"line":29}},"branchMap":{"0":{"loc":{"start":{"line":9,"column":2},"end":{"line":17,"column":3}},"type":"if","locations":[{"start":{"line":9,"column":2},"end":{"line":17,"column":3}},{"start":{"line":15,"column":9},"end":{"line":17,"column":3}}],"line":9},"1":{"loc":{"start":{"line":31,"column":2},"end":{"line":34,"column":3}},"type":"if","locations":[{"start":{"line":31,"column":2},"end":{"line":34,"column":3}},{"start":{},"end":{}}],"line":31},"2":{"loc":{"start":{"line":31,"column":6},"end":{"line":31,"column":96}},"type":"binary-expr","locations":[{"start":{"line":31,"column":6},"end":{"line":31,"column":30}},{"start":{"line":31,"column":35},"end":{"line":31,"column":64}},{"start":{"line":31,"column":68},"end":{"line":31,"column":95}}],"line":31}},"s":{"0":2,"1":2,"2":2,"3":2,"4":2,"5":2,"6":2,"7":2,"8":2,"9":2,"10":0,"11":0,"12":29,"13":0,"14":2},"f":{"0":29},"b":{"0":[2,0],"1":[0,29],"2":[29,29,28]},"_coverageSchema":"1a1c01bbd47fc00a2c39e90264f33305004495a9","hash":"76d21f6c7f69b833a97a59f934b90264255d8bf3"}
,"C:\\Users\\wtrem\\Projects\\SpaceMaquette\\space-maquette-frontend\\space-maquette-server\\src\\motion-controller.js": {"path":"C:\\Users\\wtrem\\Projects\\SpaceMaquette\\space-maquette-frontend\\space-maquette-server\\src\\motion-controller.js","statementMap":{"0":{"start":{"line":2,"column":18},"end":{"line":2,"column":41}},"1":{"start":{"line":3,"column":21},"end":{"line":3,"column":47}},"2":{"start":{"line":4,"column":24},"end":{"line":4,"column":42}},"3":{"start":{"line":5,"column":21},"end":{"line":5,"column":40}},"4":{"start":{"line":8,"column":2},"end":{"line":8,"column":74}},"5":{"start":{"line":9,"column":22},"end":{"line":9,"column":64}},"6":{"start":{"line":10,"column":2},"end":{"line":14,"column":4}},"7":{"start":{"line":15,"column":19},"end":{"line":18,"column":4}},"8":{"start":{"line":19,"column":2},"end":{"line":19,"column":78}},"9":{"start":{"line":20,"column":2},"end":{"line":20,"column":21}},"10":{"start":{"line":24,"column":2},"end":{"line":24,"column":67}},"11":{"start":{"line":25,"column":25},"end":{"line":25,"column":60}},"12":{"start":{"line":26,"column":2},"end":{"line":30,"column":4}},"13":{"start":{"line":31,"column":19},"end":{"line":34,"column":4}},"14":{"start":{"line":35,"column":2},"end":{"line":39,"column":4}},"15":{"start":{"line":40,"column":2},"end":{"line":40,"column":24}},"16":{"start":{"line":43,"column":0},"end":{"line":51,"column":2}}},"fnMap":{"0":{"name":"processKeyboardMovement","decl":{"start":{"line":7,"column":9},"end":{"line":7,"column":32}},"loc":{"start":{"line":7,"column":39},"end":{"line":21,"column":1}},"line":7},"1":{"name":"processMouseLook","decl":{"start":{"line":23,"column":9},"end":{"line":23,"column":25}},"loc":{"start":{"line":23,"column":32},"end":{"line":41,"column":1}},"line":23}},"branchMap":{},"s":{"0":3,"1":3,"2":3,"3":3,"4":5,"5":5,"6":5,"7":5,"8":5,"9":5,"10":4,"11":4,"12":4,"13":4,"14":4,"15":4,"16":3},"f":{"0":5,"1":4},"b":{},"_coverageSchema":"1a1c01bbd47fc00a2c39e90264f33305004495a9","hash":"e888e3786b80e632c78545c847b67ccc1ed6faf4"}
,"C:\\Users\\wtrem\\Projects\\SpaceMaquette\\space-maquette-frontend\\space-maquette-server\\src\\motion-solver.js": {"path":"C:\\Users\\wtrem\\Projects\\SpaceMaquette\\space-maquette-frontend\\space-maquette-server\\src\\motion-solver.js","statementMap":{"0":{"start":{"line":2,"column":40},"end":{"line":2,"column":58}},"1":{"start":{"line":3,"column":11},"end":{"line":3,"column":24}},"2":{"start":{"line":4,"column":13},"end":{"line":4,"column":28}},"3":{"start":{"line":5,"column":15},"end":{"line":5,"column":34}},"4":{"start":{"line":9,"column":0},"end":{"line":23,"column":1}},"5":{"start":{"line":10,"column":21},"end":{"line":12,"column":3}},"6":{"start":{"line":13,"column":20},"end":{"line":13,"column":66}},"7":{"start":{"line":14,"column":2},"end":{"line":14,"column":33}},"8":{"start":{"line":15,"column":2},"end":{"line":15,"column":74}},"9":{"start":{"line":17,"column":2},"end":{"line":17,"column":76}},"10":{"start":{"line":18,"column":2},"end":{"line":22,"column":4}},"11":{"start":{"line":26,"column":16},"end":{"line":26,"column":17}},"12":{"start":{"line":27,"column":16},"end":{"line":27,"column":19}},"13":{"start":{"line":28,"column":16},"end":{"line":28,"column":17}},"14":{"start":{"line":29,"column":16},"end":{"line":29,"column":19}},"15":{"start":{"line":32,"column":0},"end":{"line":35,"column":1}},"16":{"start":{"line":33,"column":2},"end":{"line":33,"column":46}},"17":{"start":{"line":34,"column":2},"end":{"line":34,"column":47}},"18":{"start":{"line":38,"column":26},"end":{"line":38,"column":46}},"19":{"start":{"line":39,"column":21},"end":{"line":39,"column":58}},"20":{"start":{"line":42,"column":13},"end":{"line":42,"column":74}},"21":{"start":{"line":43,"column":13},"end":{"line":43,"column":74}},"22":{"start":{"line":46,"column":15},"end":{"line":46,"column":77}},"23":{"start":{"line":47,"column":15},"end":{"line":47,"column":77}},"24":{"start":{"line":50,"column":17},"end":{"line":50,"column":71}},"25":{"start":{"line":51,"column":21},"end":{"line":51,"column":30}},"26":{"start":{"line":52,"column":22},"end":{"line":52,"column":31}},"27":{"start":{"line":53,"column":2},"end":{"line":56,"column":4}},"28":{"start":{"line":60,"column":53},"end":{"line":60,"column":57}},"29":{"start":{"line":63,"column":16},"end":{"line":63,"column":34}},"30":{"start":{"line":64,"column":2},"end":{"line":67,"column":3}},"31":{"start":{"line":65,"column":4},"end":{"line":65,"column":77}},"32":{"start":{"line":66,"column":4},"end":{"line":66,"column":39}},"33":{"start":{"line":70,"column":2},"end":{"line":79,"column":3}},"34":{"start":{"line":73,"column":27},"end":{"line":73,"column":79}},"35":{"start":{"line":74,"column":4},"end":{"line":77,"column":7}},"36":{"start":{"line":78,"column":4},"end":{"line":78,"column":39}},"37":{"start":{"line":82,"column":2},"end":{"line":89,"column":3}},"38":{"start":{"line":83,"column":27},"end":{"line":83,"column":78}},"39":{"start":{"line":84,"column":4},"end":{"line":87,"column":7}},"40":{"start":{"line":88,"column":4},"end":{"line":88,"column":39}},"41":{"start":{"line":92,"column":17},"end":{"line":92,"column":68}},"42":{"start":{"line":93,"column":2},"end":{"line":93,"column":25}},"43":{"start":{"line":94,"column":2},"end":{"line":94,"column":37}},"44":{"start":{"line":98,"column":37},"end":{"line":98,"column":41}},"45":{"start":{"line":101,"column":16},"end":{"line":101,"column":34}},"46":{"start":{"line":102,"column":2},"end":{"line":117,"column":3}},"47":{"start":{"line":103,"column":4},"end":{"line":106,"column":5}},"48":{"start":{"line":104,"column":6},"end":{"line":104,"column":68}},"49":{"start":{"line":105,"column":6},"end":{"line":105,"column":41}},"50":{"start":{"line":108,"column":4},"end":{"line":111,"column":5}},"51":{"start":{"line":109,"column":6},"end":{"line":109,"column":72}},"52":{"start":{"line":110,"column":6},"end":{"line":110,"column":41}},"53":{"start":{"line":113,"column":4},"end":{"line":116,"column":5}},"54":{"start":{"line":114,"column":6},"end":{"line":114,"column":70}},"55":{"start":{"line":115,"column":6},"end":{"line":115,"column":41}},"56":{"start":{"line":120,"column":26},"end":{"line":120,"column":46}},"57":{"start":{"line":123,"column":19},"end":{"line":123,"column":57}},"58":{"start":{"line":124,"column":17},"end":{"line":124,"column":69}},"59":{"start":{"line":127,"column":20},"end":{"line":127,"column":58}},"60":{"start":{"line":128,"column":18},"end":{"line":134,"column":3}},"61":{"start":{"line":136,"column":2},"end":{"line":136,"column":49}},"62":{"start":{"line":137,"column":2},"end":{"line":137,"column":40}},"63":{"start":{"line":141,"column":33},"end":{"line":141,"column":53}},"64":{"start":{"line":142,"column":22},"end":{"line":142,"column":49}},"65":{"start":{"line":144,"column":2},"end":{"line":175,"column":3}},"66":{"start":{"line":146,"column":6},"end":{"line":146,"column":47}},"67":{"start":{"line":147,"column":6},"end":{"line":147,"column":12}},"68":{"start":{"line":149,"column":6},"end":{"line":149,"column":47}},"69":{"start":{"line":150,"column":6},"end":{"line":150,"column":12}},"70":{"start":{"line":152,"column":6},"end":{"line":152,"column":47}},"71":{"start":{"line":153,"column":6},"end":{"line":153,"column":12}},"72":{"start":{"line":155,"column":6},"end":{"line":155,"column":47}},"73":{"start":{"line":156,"column":6},"end":{"line":156,"column":12}},"74":{"start":{"line":158,"column":6},"end":{"line":158,"column":46}},"75":{"start":{"line":159,"column":6},"end":{"line":159,"column":12}},"76":{"start":{"line":161,"column":6},"end":{"line":161,"column":46}},"77":{"start":{"line":162,"column":6},"end":{"line":162,"column":12}},"78":{"start":{"line":164,"column":6},"end":{"line":164,"column":74}},"79":{"start":{"line":165,"column":6},"end":{"line":165,"column":12}},"80":{"start":{"line":167,"column":6},"end":{"line":167,"column":74}},"81":{"start":{"line":168,"column":6},"end":{"line":168,"column":12}},"82":{"start":{"line":170,"column":6},"end":{"line":170,"column":102}},"83":{"start":{"line":171,"column":6},"end":{"line":171,"column":12}},"84":{"start":{"line":173,"column":6},"end":{"line":173,"column":102}},"85":{"start":{"line":174,"column":6},"end":{"line":174,"column":12}},"86":{"start":{"line":177,"column":2},"end":{"line":180,"column":3}},"87":{"start":{"line":178,"column":4},"end":{"line":178,"column":128}},"88":{"start":{"line":179,"column":4},"end":{"line":179,"column":128}},"89":{"start":{"line":182,"column":2},"end":{"line":182,"column":30}},"90":{"start":{"line":183,"column":2},"end":{"line":183,"column":37}},"91":{"start":{"line":186,"column":0},"end":{"line":190,"column":2}}},"fnMap":{"0":{"name":"calculatePositionUpdate","decl":{"start":{"line":37,"column":9},"end":{"line":37,"column":32}},"loc":{"start":{"line":37,"column":60},"end":{"line":57,"column":1}},"line":37},"1":{"name":"processKeyboardMovement","decl":{"start":{"line":59,"column":9},"end":{"line":59,"column":32}},"loc":{"start":{"line":59,"column":39},"end":{"line":95,"column":1}},"line":59},"2":{"name":"processMouseLook","decl":{"start":{"line":97,"column":9},"end":{"line":97,"column":25}},"loc":{"start":{"line":97,"column":32},"end":{"line":138,"column":1}},"line":97},"3":{"name":"processButtonMovement","decl":{"start":{"line":140,"column":9},"end":{"line":140,"column":30}},"loc":{"start":{"line":140,"column":42},"end":{"line":184,"column":1}},"line":140}},"branchMap":{"0":{"loc":{"start":{"line":32,"column":0},"end":{"line":35,"column":1}},"type":"if","locations":[{"start":{"line":32,"column":0},"end":{"line":35,"column":1}},{"start":{},"end":{}}],"line":32},"1":{"loc":{"start":{"line":33,"column":14},"end":{"line":33,"column":45}},"type":"binary-expr","locations":[{"start":{"line":33,"column":14},"end":{"line":33,"column":32}},{"start":{"line":33,"column":36},"end":{"line":33,"column":45}}],"line":33},"2":{"loc":{"start":{"line":34,"column":14},"end":{"line":34,"column":46}},"type":"binary-expr","locations":[{"start":{"line":34,"column":14},"end":{"line":34,"column":33}},{"start":{"line":34,"column":37},"end":{"line":34,"column":46}}],"line":34},"3":{"loc":{"start":{"line":50,"column":17},"end":{"line":50,"column":71}},"type":"cond-expr","locations":[{"start":{"line":50,"column":44},"end":{"line":50,"column":67}},{"start":{"line":50,"column":70},"end":{"line":50,"column":71}}],"line":50},"4":{"loc":{"start":{"line":60,"column":10},"end":{"line":60,"column":21}},"type":"default-arg","locations":[{"start":{"line":60,"column":20},"end":{"line":60,"column":21}}],"line":60},"5":{"loc":{"start":{"line":60,"column":23},"end":{"line":60,"column":33}},"type":"default-arg","locations":[{"start":{"line":60,"column":32},"end":{"line":60,"column":33}}],"line":60},"6":{"loc":{"start":{"line":60,"column":35},"end":{"line":60,"column":48}},"type":"default-arg","locations":[{"start":{"line":60,"column":47},"end":{"line":60,"column":48}}],"line":60},"7":{"loc":{"start":{"line":64,"column":2},"end":{"line":67,"column":3}},"type":"if","locations":[{"start":{"line":64,"column":2},"end":{"line":67,"column":3}},{"start":{},"end":{}}],"line":64},"8":{"loc":{"start":{"line":64,"column":6},"end":{"line":64,"column":90}},"type":"binary-expr","locations":[{"start":{"line":64,"column":6},"end":{"line":64,"column":23}},{"start":{"line":64,"column":27},"end":{"line":64,"column":90}}],"line":64},"9":{"loc":{"start":{"line":70,"column":2},"end":{"line":79,"column":3}},"type":"if","locations":[{"start":{"line":70,"column":2},"end":{"line":79,"column":3}},{"start":{},"end":{}}],"line":70},"10":{"loc":{"start":{"line":70,"column":6},"end":{"line":70,"column":71}},"type":"binary-expr","locations":[{"start":{"line":70,"column":6},"end":{"line":70,"column":38}},{"start":{"line":70,"column":42},"end":{"line":70,"column":55}},{"start":{"line":70,"column":59},"end":{"line":70,"column":71}}],"line":70},"11":{"loc":{"start":{"line":82,"column":2},"end":{"line":89,"column":3}},"type":"if","locations":[{"start":{"line":82,"column":2},"end":{"line":89,"column":3}},{"start":{},"end":{}}],"line":82},"12":{"loc":{"start":{"line":82,"column":6},"end":{"line":82,"column":71}},"type":"binary-expr","locations":[{"start":{"line":82,"column":6},"end":{"line":82,"column":38}},{"start":{"line":82,"column":42},"end":{"line":82,"column":55}},{"start":{"line":82,"column":59},"end":{"line":82,"column":71}}],"line":82},"13":{"loc":{"start":{"line":98,"column":10},"end":{"line":98,"column":20}},"type":"default-arg","locations":[{"start":{"line":98,"column":19},"end":{"line":98,"column":20}}],"line":98},"14":{"loc":{"start":{"line":98,"column":22},"end":{"line":98,"column":32}},"type":"default-arg","locations":[{"start":{"line":98,"column":31},"end":{"line":98,"column":32}}],"line":98},"15":{"loc":{"start":{"line":102,"column":2},"end":{"line":117,"column":3}},"type":"if","locations":[{"start":{"line":102,"column":2},"end":{"line":117,"column":3}},{"start":{},"end":{}}],"line":102},"16":{"loc":{"start":{"line":103,"column":4},"end":{"line":106,"column":5}},"type":"if","locations":[{"start":{"line":103,"column":4},"end":{"line":106,"column":5}},{"start":{},"end":{}}],"line":103},"17":{"loc":{"start":{"line":108,"column":4},"end":{"line":111,"column":5}},"type":"if","locations":[{"start":{"line":108,"column":4},"end":{"line":111,"column":5}},{"start":{},"end":{}}],"line":108},"18":{"loc":{"start":{"line":113,"column":4},"end":{"line":116,"column":5}},"type":"if","locations":[{"start":{"line":113,"column":4},"end":{"line":116,"column":5}},{"start":{},"end":{}}],"line":113},"19":{"loc":{"start":{"line":144,"column":2},"end":{"line":175,"column":3}},"type":"switch","locations":[{"start":{"line":145,"column":4},"end":{"line":147,"column":12}},{"start":{"line":148,"column":4},"end":{"line":150,"column":12}},{"start":{"line":151,"column":4},"end":{"line":153,"column":12}},{"start":{"line":154,"column":4},"end":{"line":156,"column":12}},{"start":{"line":157,"column":4},"end":{"line":159,"column":12}},{"start":{"line":160,"column":4},"end":{"line":162,"column":12}},{"start":{"line":163,"column":4},"end":{"line":165,"column":12}},{"start":{"line":166,"column":4},"end":{"line":168,"column":12}},{"start":{"line":169,"column":4},"end":{"line":171,"column":12}},{"start":{"line":172,"column":4},"end":{"line":174,"column":12}}],"line":144},"20":{"loc":{"start":{"line":177,"column":2},"end":{"line":180,"column":3}},"type":"if","locations":[{"start":{"line":177,"column":2},"end":{"line":180,"column":3}},{"start":{},"end":{}}],"line":177}},"s":{"0":4,"1":4,"2":4,"3":4,"4":4,"5":4,"6":4,"7":4,"8":4,"9":0,"10":0,"11":4,"12":4,"13":4,"14":4,"15":4,"16":0,"17":0,"18":1,"19":1,"20":1,"21":1,"22":1,"23":1,"24":1,"25":1,"26":1,"27":1,"28":7,"29":7,"30":7,"31":2,"32":2,"33":5,"34":3,"35":3,"36":3,"37":2,"38":1,"39":1,"40":1,"41":1,"42":1,"43":1,"44":6,"45":6,"46":6,"47":6,"48":1,"49":1,"50":5,"51":1,"52":1,"53":4,"54":0,"55":0,"56":4,"57":4,"58":4,"59":4,"60":4,"61":4,"62":4,"63":9,"64":9,"65":9,"66":2,"67":2,"68":1,"69":1,"70":1,"71":1,"72":1,"73":1,"74":1,"75":1,"76":1,"77":1,"78":1,"79":1,"80":1,"81":1,"82":0,"83":0,"84":0,"85":0,"86":9,"87":9,"88":9,"89":9,"90":9,"91":4},"f":{"0":1,"1":7,"2":6,"3":9},"b":{"0":[0,4],"1":[0,0],"2":[0,0],"3":[1,0],"4":[0],"5":[0],"6":[0],"7":[2,5],"8":[7,7],"9":[3,2],"10":[5,5,4],"11":[1,1],"12":[2,2,1],"13":[0],"14":[0],"15":[6,0],"16":[1,5],"17":[1,4],"18":[0,4],"19":[2,1,1,1,1,1,1,1,0,0],"20":[9,0]},"_coverageSchema":"1a1c01bbd47fc00a2c39e90264f33305004495a9","hash":"cea214b63f0996b61eabccc1721ff74d9fe8d4cb"}
,"C:\\Users\\wtrem\\Projects\\SpaceMaquette\\space-maquette-frontend\\space-maquette-server\\src\\motion_sim.js": {"path":"C:\\Users\\wtrem\\Projects\\SpaceMaquette\\space-maquette-frontend\\space-maquette-server\\src\\motion_sim.js","statementMap":{"0":{"start":{"line":2,"column":60},"end":{"line":2,"column":78}},"1":{"start":{"line":3,"column":21},"end":{"line":3,"column":40}},"2":{"start":{"line":5,"column":12},"end":{"line":5,"column":16}},"3":{"start":{"line":7,"column":21},"end":{"line":29,"column":1}},"4":{"start":{"line":31,"column":22},"end":{"line":37,"column":1}},"5":{"start":{"line":40,"column":2},"end":{"line":40,"column":13}},"6":{"start":{"line":41,"column":2},"end":{"line":41,"column":44}},"7":{"start":{"line":45,"column":2},"end":{"line":53,"column":3}},"8":{"start":{"line":46,"column":4},"end":{"line":46,"column":64}},"9":{"start":{"line":47,"column":4},"end":{"line":50,"column":7}},"10":{"start":{"line":52,"column":4},"end":{"line":52,"column":69}},"11":{"start":{"line":57,"column":2},"end":{"line":64,"column":4}},"12":{"start":{"line":65,"column":22},"end":{"line":65,"column":40}},"13":{"start":{"line":66,"column":20},"end":{"line":66,"column":39}},"14":{"start":{"line":67,"column":25},"end":{"line":67,"column":48}},"15":{"start":{"line":68,"column":24},"end":{"line":68,"column":76}},"16":{"start":{"line":70,"column":2},"end":{"line":104,"column":3}},"17":{"start":{"line":71,"column":27},"end":{"line":71,"column":71}},"18":{"start":{"line":72,"column":22},"end":{"line":72,"column":57}},"19":{"start":{"line":73,"column":4},"end":{"line":79,"column":7}},"20":{"start":{"line":80,"column":4},"end":{"line":87,"column":6}},"21":{"start":{"line":89,"column":21},"end":{"line":89,"column":58}},"22":{"start":{"line":90,"column":22},"end":{"line":90,"column":45}},"23":{"start":{"line":91,"column":4},"end":{"line":96,"column":7}},"24":{"start":{"line":97,"column":4},"end":{"line":103,"column":6}},"25":{"start":{"line":108,"column":2},"end":{"line":108,"column":72}},"26":{"start":{"line":109,"column":24},"end":{"line":109,"column":31}},"27":{"start":{"line":112,"column":2},"end":{"line":178,"column":3}},"28":{"start":{"line":114,"column":6},"end":{"line":114,"column":13}},"29":{"start":{"line":115,"column":21},"end":{"line":115,"column":48}},"30":{"start":{"line":117,"column":4},"end":{"line":147,"column":5}},"31":{"start":{"line":118,"column":6},"end":{"line":120,"column":72}},"32":{"start":{"line":121,"column":6},"end":{"line":121,"column":70}},"33":{"start":{"line":122,"column":6},"end":{"line":122,"column":17}},"34":{"start":{"line":123,"column":11},"end":{"line":147,"column":5}},"35":{"start":{"line":124,"column":34},"end":{"line":124,"column":55}},"36":{"start":{"line":125,"column":6},"end":{"line":126,"column":80}},"37":{"start":{"line":127,"column":6},"end":{"line":127,"column":72}},"38":{"start":{"line":128,"column":6},"end":{"line":128,"column":17}},"39":{"start":{"line":129,"column":11},"end":{"line":147,"column":5}},"40":{"start":{"line":130,"column":31},"end":{"line":130,"column":69}},"41":{"start":{"line":132,"column":8},"end":{"line":136,"column":26}},"42":{"start":{"line":137,"column":6},"end":{"line":140,"column":77}},"43":{"start":{"line":141,"column":6},"end":{"line":141,"column":70}},"44":{"start":{"line":142,"column":6},"end":{"line":142,"column":17}},"45":{"start":{"line":144,"column":6},"end":{"line":144,"column":32}},"46":{"start":{"line":145,"column":6},"end":{"line":145,"column":67}},"47":{"start":{"line":146,"column":6},"end":{"line":146,"column":17}},"48":{"start":{"line":149,"column":47},"end":{"line":149,"column":54}},"49":{"start":{"line":150,"column":4},"end":{"line":177,"column":5}},"50":{"start":{"line":151,"column":6},"end":{"line":153,"column":72}},"51":{"start":{"line":154,"column":6},"end":{"line":156,"column":8}},"52":{"start":{"line":157,"column":6},"end":{"line":157,"column":17}},"53":{"start":{"line":158,"column":11},"end":{"line":177,"column":5}},"54":{"start":{"line":159,"column":31},"end":{"line":159,"column":46}},"55":{"start":{"line":160,"column":35},"end":{"line":160,"column":61}},"56":{"start":{"line":162,"column":8},"end":{"line":166,"column":26}},"57":{"start":{"line":167,"column":6},"end":{"line":168,"column":77}},"58":{"start":{"line":169,"column":6},"end":{"line":171,"column":8}},"59":{"start":{"line":172,"column":6},"end":{"line":172,"column":17}},"60":{"start":{"line":174,"column":6},"end":{"line":174,"column":32}},"61":{"start":{"line":175,"column":6},"end":{"line":175,"column":78}},"62":{"start":{"line":176,"column":6},"end":{"line":176,"column":17}},"63":{"start":{"line":182,"column":2},"end":{"line":184,"column":4}},"64":{"start":{"line":185,"column":2},"end":{"line":185,"column":23}},"65":{"start":{"line":187,"column":26},"end":{"line":187,"column":52}},"66":{"start":{"line":188,"column":17},"end":{"line":188,"column":49}},"67":{"start":{"line":191,"column":2},"end":{"line":195,"column":3}},"68":{"start":{"line":192,"column":4},"end":{"line":192,"column":40}},"69":{"start":{"line":192,"column":24},"end":{"line":192,"column":40}},"70":{"start":{"line":193,"column":4},"end":{"line":193,"column":41}},"71":{"start":{"line":193,"column":25},"end":{"line":193,"column":41}},"72":{"start":{"line":194,"column":4},"end":{"line":194,"column":63}},"73":{"start":{"line":197,"column":2},"end":{"line":203,"column":3}},"74":{"start":{"line":198,"column":4},"end":{"line":200,"column":6}},"75":{"start":{"line":201,"column":4},"end":{"line":201,"column":33}},"76":{"start":{"line":201,"column":20},"end":{"line":201,"column":33}},"77":{"start":{"line":202,"column":4},"end":{"line":202,"column":11}},"78":{"start":{"line":206,"column":2},"end":{"line":217,"column":3}},"79":{"start":{"line":207,"column":4},"end":{"line":207,"column":47}},"80":{"start":{"line":208,"column":4},"end":{"line":208,"column":50}},"81":{"start":{"line":209,"column":4},"end":{"line":209,"column":17}},"82":{"start":{"line":210,"column":4},"end":{"line":210,"column":66}},"83":{"start":{"line":211,"column":4},"end":{"line":215,"column":12}},"84":{"start":{"line":212,"column":6},"end":{"line":212,"column":50}},"85":{"start":{"line":213,"column":6},"end":{"line":213,"column":19}},"86":{"start":{"line":214,"column":6},"end":{"line":214,"column":35}},"87":{"start":{"line":214,"column":22},"end":{"line":214,"column":35}},"88":{"start":{"line":216,"column":4},"end":{"line":216,"column":11}},"89":{"start":{"line":219,"column":18},"end":{"line":223,"column":3}},"90":{"start":{"line":224,"column":20},"end":{"line":227,"column":3}},"91":{"start":{"line":228,"column":2},"end":{"line":232,"column":4}},"92":{"start":{"line":234,"column":20},"end":{"line":234,"column":30}},"93":{"start":{"line":235,"column":19},"end":{"line":235,"column":34}},"94":{"start":{"line":237,"column":2},"end":{"line":240,"column":5}},"95":{"start":{"line":241,"column":2},"end":{"line":241,"column":15}},"96":{"start":{"line":243,"column":2},"end":{"line":245,"column":4}},"97":{"start":{"line":247,"column":2},"end":{"line":272,"column":34}},"98":{"start":{"line":248,"column":20},"end":{"line":248,"column":51}},"99":{"start":{"line":249,"column":21},"end":{"line":249,"column":49}},"100":{"start":{"line":251,"column":4},"end":{"line":271,"column":5}},"101":{"start":{"line":252,"column":6},"end":{"line":252,"column":49}},"102":{"start":{"line":253,"column":6},"end":{"line":253,"column":19}},"103":{"start":{"line":254,"column":6},"end":{"line":254,"column":39}},"104":{"start":{"line":255,"column":6},"end":{"line":255,"column":65}},"105":{"start":{"line":257,"column":25},"end":{"line":263,"column":7}},"106":{"start":{"line":264,"column":6},"end":{"line":268,"column":7}},"107":{"start":{"line":265,"column":8},"end":{"line":265,"column":69}},"108":{"start":{"line":267,"column":8},"end":{"line":267,"column":47}},"109":{"start":{"line":269,"column":6},"end":{"line":269,"column":19}},"110":{"start":{"line":270,"column":6},"end":{"line":270,"column":70}},"111":{"start":{"line":276,"column":2},"end":{"line":291,"column":3}},"112":{"start":{"line":277,"column":4},"end":{"line":277,"column":39}},"113":{"start":{"line":278,"column":4},"end":{"line":278,"column":31}},"114":{"start":{"line":279,"column":4},"end":{"line":279,"column":62}},"115":{"start":{"line":280,"column":4},"end":{"line":287,"column":5}},"116":{"start":{"line":280,"column":55},"end":{"line":280,"column":70}},"117":{"start":{"line":281,"column":6},"end":{"line":284,"column":9}},"118":{"start":{"line":285,"column":6},"end":{"line":285,"column":19}},"119":{"start":{"line":286,"column":6},"end":{"line":286,"column":72}},"120":{"start":{"line":288,"column":4},"end":{"line":288,"column":33}},"121":{"start":{"line":288,"column":20},"end":{"line":288,"column":33}},"122":{"start":{"line":290,"column":4},"end":{"line":290,"column":73}},"123":{"start":{"line":295,"column":2},"end":{"line":298,"column":3}},"124":{"start":{"line":296,"column":4},"end":{"line":296,"column":61}},"125":{"start":{"line":297,"column":4},"end":{"line":297,"column":56}},"126":{"start":{"line":300,"column":2},"end":{"line":300,"column":77}},"127":{"start":{"line":301,"column":2},"end":{"line":308,"column":5}},"128":{"start":{"line":302,"column":4},"end":{"line":307,"column":5}},"129":{"start":{"line":303,"column":6},"end":{"line":303,"column":36}},"130":{"start":{"line":304,"column":6},"end":{"line":306,"column":8}},"131":{"start":{"line":310,"column":2},"end":{"line":310,"column":51}},"132":{"start":{"line":314,"column":2},"end":{"line":317,"column":3}},"133":{"start":{"line":315,"column":4},"end":{"line":315,"column":68}},"134":{"start":{"line":316,"column":4},"end":{"line":316,"column":56}},"135":{"start":{"line":319,"column":2},"end":{"line":319,"column":80}},"136":{"start":{"line":320,"column":33},"end":{"line":320,"column":53}},"137":{"start":{"line":321,"column":20},"end":{"line":321,"column":32}},"138":{"start":{"line":322,"column":22},"end":{"line":322,"column":49}},"139":{"start":{"line":324,"column":2},"end":{"line":358,"column":3}},"140":{"start":{"line":326,"column":6},"end":{"line":326,"column":49}},"141":{"start":{"line":327,"column":6},"end":{"line":327,"column":12}},"142":{"start":{"line":329,"column":6},"end":{"line":329,"column":47}},"143":{"start":{"line":330,"column":6},"end":{"line":330,"column":12}},"144":{"start":{"line":332,"column":6},"end":{"line":332,"column":49}},"145":{"start":{"line":333,"column":6},"end":{"line":333,"column":12}},"146":{"start":{"line":335,"column":6},"end":{"line":335,"column":47}},"147":{"start":{"line":336,"column":6},"end":{"line":336,"column":12}},"148":{"start":{"line":338,"column":6},"end":{"line":338,"column":49}},"149":{"start":{"line":339,"column":6},"end":{"line":339,"column":12}},"150":{"start":{"line":341,"column":6},"end":{"line":341,"column":47}},"151":{"start":{"line":342,"column":6},"end":{"line":342,"column":12}},"152":{"start":{"line":344,"column":6},"end":{"line":344,"column":48}},"153":{"start":{"line":345,"column":6},"end":{"line":345,"column":12}},"154":{"start":{"line":347,"column":6},"end":{"line":347,"column":64}},"155":{"start":{"line":348,"column":6},"end":{"line":348,"column":12}},"156":{"start":{"line":350,"column":6},"end":{"line":350,"column":58}},"157":{"start":{"line":351,"column":6},"end":{"line":351,"column":12}},"158":{"start":{"line":353,"column":6},"end":{"line":353,"column":57}},"159":{"start":{"line":354,"column":6},"end":{"line":354,"column":12}},"160":{"start":{"line":356,"column":6},"end":{"line":356,"column":76}},"161":{"start":{"line":357,"column":6},"end":{"line":357,"column":63}},"162":{"start":{"line":360,"column":2},"end":{"line":363,"column":4}},"163":{"start":{"line":364,"column":2},"end":{"line":364,"column":37}},"164":{"start":{"line":368,"column":2},"end":{"line":368,"column":48}},"165":{"start":{"line":369,"column":2},"end":{"line":371,"column":5}},"166":{"start":{"line":370,"column":4},"end":{"line":370,"column":25}},"167":{"start":{"line":373,"column":2},"end":{"line":373,"column":72}},"168":{"start":{"line":374,"column":2},"end":{"line":374,"column":15}},"169":{"start":{"line":376,"column":2},"end":{"line":376,"column":58}},"170":{"start":{"line":380,"column":2},"end":{"line":383,"column":3}},"171":{"start":{"line":381,"column":4},"end":{"line":381,"column":59}},"172":{"start":{"line":382,"column":4},"end":{"line":382,"column":56}},"173":{"start":{"line":385,"column":2},"end":{"line":385,"column":61}},"174":{"start":{"line":386,"column":24},"end":{"line":390,"column":3}},"175":{"start":{"line":392,"column":2},"end":{"line":392,"column":52}},"176":{"start":{"line":393,"column":2},"end":{"line":393,"column":15}},"177":{"start":{"line":395,"column":2},"end":{"line":422,"column":3}},"178":{"start":{"line":396,"column":4},"end":{"line":396,"column":61}},"179":{"start":{"line":397,"column":4},"end":{"line":397,"column":29}},"180":{"start":{"line":398,"column":4},"end":{"line":408,"column":13}},"181":{"start":{"line":399,"column":6},"end":{"line":399,"column":51}},"182":{"start":{"line":400,"column":6},"end":{"line":400,"column":37}},"183":{"start":{"line":401,"column":6},"end":{"line":401,"column":56}},"184":{"start":{"line":402,"column":6},"end":{"line":407,"column":15}},"185":{"start":{"line":403,"column":8},"end":{"line":403,"column":57}},"186":{"start":{"line":404,"column":8},"end":{"line":404,"column":21}},"187":{"start":{"line":405,"column":8},"end":{"line":405,"column":61}},"188":{"start":{"line":406,"column":8},"end":{"line":406,"column":66}},"189":{"start":{"line":406,"column":24},"end":{"line":406,"column":66}},"190":{"start":{"line":409,"column":9},"end":{"line":422,"column":3}},"191":{"start":{"line":410,"column":4},"end":{"line":410,"column":50}},"192":{"start":{"line":411,"column":4},"end":{"line":411,"column":40}},"193":{"start":{"line":412,"column":4},"end":{"line":412,"column":49}},"194":{"start":{"line":413,"column":4},"end":{"line":418,"column":13}},"195":{"start":{"line":414,"column":6},"end":{"line":414,"column":55}},"196":{"start":{"line":415,"column":6},"end":{"line":415,"column":19}},"197":{"start":{"line":416,"column":6},"end":{"line":416,"column":65}},"198":{"start":{"line":417,"column":6},"end":{"line":417,"column":68}},"199":{"start":{"line":417,"column":22},"end":{"line":417,"column":68}},"200":{"start":{"line":420,"column":4},"end":{"line":420,"column":68}},"201":{"start":{"line":421,"column":4},"end":{"line":421,"column":56}},"202":{"start":{"line":424,"column":2},"end":{"line":424,"column":53}},"203":{"start":{"line":427,"column":0},"end":{"line":434,"column":2}}},"fnMap":{"0":{"name":"setIo","decl":{"start":{"line":39,"column":9},"end":{"line":39,"column":14}},"loc":{"start":{"line":39,"column":19},"end":{"line":42,"column":1}},"line":39},"1":{"name":"emitStatus","decl":{"start":{"line":44,"column":9},"end":{"line":44,"column":19}},"loc":{"start":{"line":44,"column":22},"end":{"line":54,"column":1}},"line":44},"2":{"name":"calculateMotionProfile","decl":{"start":{"line":56,"column":9},"end":{"line":56,"column":31}},"loc":{"start":{"line":56,"column":66},"end":{"line":105,"column":1}},"line":56},"3":{"name":"calculatePositionAtTime","decl":{"start":{"line":107,"column":9},"end":{"line":107,"column":32}},"loc":{"start":{"line":107,"column":74},"end":{"line":179,"column":1}},"line":107},"4":{"name":"startAxisMotion","decl":{"start":{"line":181,"column":9},"end":{"line":181,"column":24}},"loc":{"start":{"line":181,"column":66},"end":{"line":273,"column":1}},"line":181},"5":{"name":"(anonymous_5)","decl":{"start":{"line":211,"column":15},"end":{"line":211,"column":16}},"loc":{"start":{"line":211,"column":21},"end":{"line":215,"column":5}},"line":211},"6":{"name":"(anonymous_6)","decl":{"start":{"line":247,"column":36},"end":{"line":247,"column":37}},"loc":{"start":{"line":247,"column":42},"end":{"line":272,"column":3}},"line":247},"7":{"name":"stopAxisMotion","decl":{"start":{"line":275,"column":9},"end":{"line":275,"column":23}},"loc":{"start":{"line":275,"column":49},"end":{"line":292,"column":1}},"line":275},"8":{"name":"(anonymous_8)","decl":{"start":{"line":280,"column":43},"end":{"line":280,"column":44}},"loc":{"start":{"line":280,"column":55},"end":{"line":280,"column":70}},"line":280},"9":{"name":"moveToPosition","decl":{"start":{"line":294,"column":9},"end":{"line":294,"column":23}},"loc":{"start":{"line":294,"column":40},"end":{"line":311,"column":1}},"line":294},"10":{"name":"(anonymous_10)","decl":{"start":{"line":301,"column":41},"end":{"line":301,"column":42}},"loc":{"start":{"line":301,"column":61},"end":{"line":308,"column":3}},"line":301},"11":{"name":"executeButtonMovement","decl":{"start":{"line":313,"column":9},"end":{"line":313,"column":30}},"loc":{"start":{"line":313,"column":42},"end":{"line":365,"column":1}},"line":313},"12":{"name":"stopAllMotions","decl":{"start":{"line":367,"column":9},"end":{"line":367,"column":23}},"loc":{"start":{"line":367,"column":26},"end":{"line":377,"column":1}},"line":367},"13":{"name":"(anonymous_13)","decl":{"start":{"line":369,"column":37},"end":{"line":369,"column":38}},"loc":{"start":{"line":369,"column":47},"end":{"line":371,"column":3}},"line":369},"14":{"name":"homeAxis","decl":{"start":{"line":379,"column":9},"end":{"line":379,"column":17}},"loc":{"start":{"line":379,"column":43},"end":{"line":425,"column":1}},"line":379},"15":{"name":"(anonymous_15)","decl":{"start":{"line":398,"column":15},"end":{"line":398,"column":16}},"loc":{"start":{"line":398,"column":21},"end":{"line":408,"column":5}},"line":398},"16":{"name":"(anonymous_16)","decl":{"start":{"line":402,"column":17},"end":{"line":402,"column":18}},"loc":{"start":{"line":402,"column":23},"end":{"line":407,"column":7}},"line":402},"17":{"name":"(anonymous_17)","decl":{"start":{"line":413,"column":15},"end":{"line":413,"column":16}},"loc":{"start":{"line":413,"column":21},"end":{"line":418,"column":5}},"line":413}},"branchMap":{"0":{"loc":{"start":{"line":45,"column":2},"end":{"line":53,"column":3}},"type":"if","locations":[{"start":{"line":45,"column":2},"end":{"line":53,"column":3}},{"start":{"line":51,"column":9},"end":{"line":53,"column":3}}],"line":45},"1":{"loc":{"start":{"line":70,"column":2},"end":{"line":104,"column":3}},"type":"if","locations":[{"start":{"line":70,"column":2},"end":{"line":104,"column":3}},{"start":{"line":88,"column":9},"end":{"line":104,"column":3}}],"line":70},"2":{"loc":{"start":{"line":112,"column":2},"end":{"line":178,"column":3}},"type":"if","locations":[{"start":{"line":112,"column":2},"end":{"line":178,"column":3}},{"start":{"line":148,"column":9},"end":{"line":178,"column":3}}],"line":112},"3":{"loc":{"start":{"line":117,"column":4},"end":{"line":147,"column":5}},"type":"if","locations":[{"start":{"line":117,"column":4},"end":{"line":147,"column":5}},{"start":{"line":123,"column":11},"end":{"line":147,"column":5}}],"line":117},"4":{"loc":{"start":{"line":123,"column":11},"end":{"line":147,"column":5}},"type":"if","locations":[{"start":{"line":123,"column":11},"end":{"line":147,"column":5}},{"start":{"line":129,"column":11},"end":{"line":147,"column":5}}],"line":123},"5":{"loc":{"start":{"line":129,"column":11},"end":{"line":147,"column":5}},"type":"if","locations":[{"start":{"line":129,"column":11},"end":{"line":147,"column":5}},{"start":{"line":143,"column":11},"end":{"line":147,"column":5}}],"line":129},"6":{"loc":{"start":{"line":150,"column":4},"end":{"line":177,"column":5}},"type":"if","locations":[{"start":{"line":150,"column":4},"end":{"line":177,"column":5}},{"start":{"line":158,"column":11},"end":{"line":177,"column":5}}],"line":150},"7":{"loc":{"start":{"line":158,"column":11},"end":{"line":177,"column":5}},"type":"if","locations":[{"start":{"line":158,"column":11},"end":{"line":177,"column":5}},{"start":{"line":173,"column":11},"end":{"line":177,"column":5}}],"line":158},"8":{"loc":{"start":{"line":181,"column":47},"end":{"line":181,"column":64}},"type":"default-arg","locations":[{"start":{"line":181,"column":60},"end":{"line":181,"column":64}}],"line":181},"9":{"loc":{"start":{"line":191,"column":2},"end":{"line":195,"column":3}},"type":"if","locations":[{"start":{"line":191,"column":2},"end":{"line":195,"column":3}},{"start":{},"end":{}}],"line":191},"10":{"loc":{"start":{"line":192,"column":4},"end":{"line":192,"column":40}},"type":"if","locations":[{"start":{"line":192,"column":4},"end":{"line":192,"column":40}},{"start":{},"end":{}}],"line":192},"11":{"loc":{"start":{"line":193,"column":4},"end":{"line":193,"column":41}},"type":"if","locations":[{"start":{"line":193,"column":4},"end":{"line":193,"column":41}},{"start":{},"end":{}}],"line":193},"12":{"loc":{"start":{"line":197,"column":2},"end":{"line":203,"column":3}},"type":"if","locations":[{"start":{"line":197,"column":2},"end":{"line":203,"column":3}},{"start":{},"end":{}}],"line":197},"13":{"loc":{"start":{"line":201,"column":4},"end":{"line":201,"column":33}},"type":"if","locations":[{"start":{"line":201,"column":4},"end":{"line":201,"column":33}},{"start":{},"end":{}}],"line":201},"14":{"loc":{"start":{"line":206,"column":2},"end":{"line":217,"column":3}},"type":"if","locations":[{"start":{"line":206,"column":2},"end":{"line":217,"column":3}},{"start":{},"end":{}}],"line":206},"15":{"loc":{"start":{"line":214,"column":6},"end":{"line":214,"column":35}},"type":"if","locations":[{"start":{"line":214,"column":6},"end":{"line":214,"column":35}},{"start":{},"end":{}}],"line":214},"16":{"loc":{"start":{"line":239,"column":17},"end":{"line":239,"column":68}},"type":"cond-expr","locations":[{"start":{"line":239,"column":34},"end":{"line":239,"column":42}},{"start":{"line":239,"column":45},"end":{"line":239,"column":68}}],"line":239},"17":{"loc":{"start":{"line":251,"column":4},"end":{"line":271,"column":5}},"type":"if","locations":[{"start":{"line":251,"column":4},"end":{"line":271,"column":5}},{"start":{"line":256,"column":11},"end":{"line":271,"column":5}}],"line":251},"18":{"loc":{"start":{"line":264,"column":6},"end":{"line":268,"column":7}},"type":"if","locations":[{"start":{"line":264,"column":6},"end":{"line":268,"column":7}},{"start":{"line":266,"column":13},"end":{"line":268,"column":7}}],"line":264},"19":{"loc":{"start":{"line":275,"column":30},"end":{"line":275,"column":47}},"type":"default-arg","locations":[{"start":{"line":275,"column":43},"end":{"line":275,"column":47}}],"line":275},"20":{"loc":{"start":{"line":276,"column":2},"end":{"line":291,"column":3}},"type":"if","locations":[{"start":{"line":276,"column":2},"end":{"line":291,"column":3}},{"start":{"line":289,"column":9},"end":{"line":291,"column":3}}],"line":276},"21":{"loc":{"start":{"line":280,"column":4},"end":{"line":287,"column":5}},"type":"if","locations":[{"start":{"line":280,"column":4},"end":{"line":287,"column":5}},{"start":{},"end":{}}],"line":280},"22":{"loc":{"start":{"line":288,"column":4},"end":{"line":288,"column":33}},"type":"if","locations":[{"start":{"line":288,"column":4},"end":{"line":288,"column":33}},{"start":{},"end":{}}],"line":288},"23":{"loc":{"start":{"line":295,"column":2},"end":{"line":298,"column":3}},"type":"if","locations":[{"start":{"line":295,"column":2},"end":{"line":298,"column":3}},{"start":{},"end":{}}],"line":295},"24":{"loc":{"start":{"line":302,"column":4},"end":{"line":307,"column":5}},"type":"if","locations":[{"start":{"line":302,"column":4},"end":{"line":307,"column":5}},{"start":{},"end":{}}],"line":302},"25":{"loc":{"start":{"line":314,"column":2},"end":{"line":317,"column":3}},"type":"if","locations":[{"start":{"line":314,"column":2},"end":{"line":317,"column":3}},{"start":{},"end":{}}],"line":314},"26":{"loc":{"start":{"line":324,"column":2},"end":{"line":358,"column":3}},"type":"switch","locations":[{"start":{"line":325,"column":4},"end":{"line":327,"column":12}},{"start":{"line":328,"column":4},"end":{"line":330,"column":12}},{"start":{"line":331,"column":4},"end":{"line":333,"column":12}},{"start":{"line":334,"column":4},"end":{"line":336,"column":12}},{"start":{"line":337,"column":4},"end":{"line":339,"column":12}},{"start":{"line":340,"column":4},"end":{"line":342,"column":12}},{"start":{"line":343,"column":4},"end":{"line":345,"column":12}},{"start":{"line":346,"column":4},"end":{"line":348,"column":12}},{"start":{"line":349,"column":4},"end":{"line":351,"column":12}},{"start":{"line":352,"column":4},"end":{"line":354,"column":12}},{"start":{"line":355,"column":4},"end":{"line":357,"column":63}}],"line":324},"27":{"loc":{"start":{"line":379,"column":24},"end":{"line":379,"column":41}},"type":"default-arg","locations":[{"start":{"line":379,"column":37},"end":{"line":379,"column":41}}],"line":379},"28":{"loc":{"start":{"line":380,"column":2},"end":{"line":383,"column":3}},"type":"if","locations":[{"start":{"line":380,"column":2},"end":{"line":383,"column":3}},{"start":{},"end":{}}],"line":380},"29":{"loc":{"start":{"line":395,"column":2},"end":{"line":422,"column":3}},"type":"if","locations":[{"start":{"line":395,"column":2},"end":{"line":422,"column":3}},{"start":{"line":409,"column":9},"end":{"line":422,"column":3}}],"line":395},"30":{"loc":{"start":{"line":406,"column":8},"end":{"line":406,"column":66}},"type":"if","locations":[{"start":{"line":406,"column":8},"end":{"line":406,"column":66}},{"start":{},"end":{}}],"line":406},"31":{"loc":{"start":{"line":409,"column":9},"end":{"line":422,"column":3}},"type":"if","locations":[{"start":{"line":409,"column":9},"end":{"line":422,"column":3}},{"start":{"line":419,"column":9},"end":{"line":422,"column":3}}],"line":409},"32":{"loc":{"start":{"line":417,"column":6},"end":{"line":417,"column":68}},"type":"if","locations":[{"start":{"line":417,"column":6},"end":{"line":417,"column":68}},{"start":{},"end":{}}],"line":417}},"s":{"0":2,"1":2,"2":2,"3":2,"4":2,"5":0,"6":0,"7":0,"8":0,"9":0,"10":0,"11":0,"12":0,"13":0,"14":0,"15":0,"16":0,"17":0,"18":0,"19":0,"20":0,"21":0,"22":0,"23":0,"24":0,"25":0,"26":0,"27":0,"28":0,"29":0,"30":0,"31":0,"32":0,"33":0,"34":0,"35":0,"36":0,"37":0,"38":0,"39":0,"40":0,"41":0,"42":0,"43":0,"44":0,"45":0,"46":0,"47":0,"48":0,"49":0,"50":0,"51":0,"52":0,"53":0,"54":0,"55":0,"56":0,"57":0,"58":0,"59":0,"60":0,"61":0,"62":0,"63":0,"64":0,"65":0,"66":0,"67":0,"68":0,"69":0,"70":0,"71":0,"72":0,"73":0,"74":0,"75":0,"76":0,"77":0,"78":0,"79":0,"80":0,"81":0,"82":0,"83":0,"84":0,"85":0,"86":0,"87":0,"88":0,"89":0,"90":0,"91":0,"92":0,"93":0,"94":0,"95":0,"96":0,"97":0,"98":0,"99":0,"100":0,"101":0,"102":0,"103":0,"104":0,"105":0,"106":0,"107":0,"108":0,"109":0,"110":0,"111":0,"112":0,"113":0,"114":0,"115":0,"116":0,"117":0,"118":0,"119":0,"120":0,"121":0,"122":0,"123":0,"124":0,"125":0,"126":0,"127":0,"128":0,"129":0,"130":0,"131":0,"132":0,"133":0,"134":0,"135":0,"136":0,"137":0,"138":0,"139":0,"140":0,"141":0,"142":0,"143":0,"144":0,"145":0,"146":0,"147":0,"148":0,"149":0,"150":0,"151":0,"152":0,"153":0,"154":0,"155":0,"156":0,"157":0,"158":0,"159":0,"160":0,"161":0,"162":0,"163":0,"164":0,"165":0,"166":0,"167":0,"168":0,"169":0,"170":0,"171":0,"172":0,"173":0,"174":0,"175":0,"176":0,"177":0,"178":0,"179":0,"180":0,"181":0,"182":0,"183":0,"184":0,"185":0,"186":0,"187":0,"188":0,"189":0,"190":0,"191":0,"192":0,"193":0,"194":0,"195":0,"196":0,"197":0,"198":0,"199":0,"200":0,"201":0,"202":0,"203":2},"f":{"0":0,"1":0,"2":0,"3":0,"4":0,"5":0,"6":0,"7":0,"8":0,"9":0,"10":0,"11":0,"12":0,"13":0,"14":0,"15":0,"16":0,"17":0},"b":{"0":[0,0],"1":[0,0],"2":[0,0],"3":[0,0],"4":[0,0],"5":[0,0],"6":[0,0],"7":[0,0],"8":[0],"9":[0,0],"10":[0,0],"11":[0,0],"12":[0,0],"13":[0,0],"14":[0,0],"15":[0,0],"16":[0,0],"17":[0,0],"18":[0,0],"19":[0],"20":[0,0],"21":[0,0],"22":[0,0],"23":[0,0],"24":[0,0],"25":[0,0],"26":[0,0,0,0,0,0,0,0,0,0,0],"27":[0],"28":[0,0],"29":[0,0],"30":[0,0],"31":[0,0],"32":[0,0]},"_coverageSchema":"1a1c01bbd47fc00a2c39e90264f33305004495a9","hash":"43499b13a9ee3eb7f971fb7de0ea36c0c21aa69b"}
,"C:\\Users\\wtrem\\Projects\\SpaceMaquette\\space-maquette-frontend\\space-maquette-server\\src\\socketHandlers.js": {"path":"C:\\Users\\wtrem\\Projects\\SpaceMaquette\\space-maquette-frontend\\space-maquette-server\\src\\socketHandlers.js","statementMap":{"0":{"start":{"line":2,"column":25},"end":{"line":2,"column":55}},"1":{"start":{"line":3,"column":42},"end":{"line":3,"column":60}},"2":{"start":{"line":4,"column":21},"end":{"line":4,"column":40}},"3":{"start":{"line":8,"column":2},"end":{"line":8,"column":29}},"4":{"start":{"line":10,"column":2},"end":{"line":175,"column":5}},"5":{"start":{"line":11,"column":4},"end":{"line":11,"column":59}},"6":{"start":{"line":14,"column":4},"end":{"line":17,"column":7}},"7":{"start":{"line":20,"column":4},"end":{"line":26,"column":7}},"8":{"start":{"line":21,"column":6},"end":{"line":21,"column":36}},"9":{"start":{"line":21,"column":29},"end":{"line":21,"column":36}},"10":{"start":{"line":22,"column":6},"end":{"line":22,"column":62}},"11":{"start":{"line":24,"column":21},"end":{"line":24,"column":67}},"12":{"start":{"line":25,"column":6},"end":{"line":25,"column":73}},"13":{"start":{"line":29,"column":4},"end":{"line":35,"column":7}},"14":{"start":{"line":30,"column":6},"end":{"line":30,"column":36}},"15":{"start":{"line":30,"column":29},"end":{"line":30,"column":36}},"16":{"start":{"line":31,"column":6},"end":{"line":31,"column":55}},"17":{"start":{"line":33,"column":24},"end":{"line":33,"column":63}},"18":{"start":{"line":34,"column":6},"end":{"line":34,"column":73}},"19":{"start":{"line":38,"column":4},"end":{"line":50,"column":7}},"20":{"start":{"line":39,"column":6},"end":{"line":42,"column":7}},"21":{"start":{"line":40,"column":8},"end":{"line":40,"column":69}},"22":{"start":{"line":41,"column":8},"end":{"line":41,"column":15}},"23":{"start":{"line":43,"column":6},"end":{"line":43,"column":70}},"24":{"start":{"line":44,"column":6},"end":{"line":49,"column":7}},"25":{"start":{"line":45,"column":8},"end":{"line":45,"column":51}},"26":{"start":{"line":46,"column":8},"end":{"line":46,"column":42}},"27":{"start":{"line":48,"column":8},"end":{"line":48,"column":63}},"28":{"start":{"line":53,"column":4},"end":{"line":152,"column":7}},"29":{"start":{"line":54,"column":6},"end":{"line":54,"column":52}},"30":{"start":{"line":55,"column":6},"end":{"line":57,"column":8}},"31":{"start":{"line":59,"column":6},"end":{"line":151,"column":7}},"32":{"start":{"line":60,"column":8},"end":{"line":142,"column":9}},"33":{"start":{"line":61,"column":23},"end":{"line":61,"column":85}},"34":{"start":{"line":63,"column":27},"end":{"line":72,"column":12}},"35":{"start":{"line":64,"column":12},"end":{"line":64,"column":74}},"36":{"start":{"line":65,"column":12},"end":{"line":65,"column":51}},"37":{"start":{"line":66,"column":12},"end":{"line":70,"column":15}},"38":{"start":{"line":71,"column":12},"end":{"line":71,"column":70}},"39":{"start":{"line":75,"column":10},"end":{"line":92,"column":11}},"40":{"start":{"line":76,"column":12},"end":{"line":76,"column":74}},"41":{"start":{"line":77,"column":12},"end":{"line":82,"column":13}},"42":{"start":{"line":78,"column":14},"end":{"line":81,"column":17}},"43":{"start":{"line":85,"column":12},"end":{"line":85,"column":72}},"44":{"start":{"line":86,"column":12},"end":{"line":91,"column":13}},"45":{"start":{"line":87,"column":14},"end":{"line":90,"column":17}},"46":{"start":{"line":94,"column":10},"end":{"line":94,"column":68}},"47":{"start":{"line":95,"column":15},"end":{"line":142,"column":9}},"48":{"start":{"line":96,"column":10},"end":{"line":132,"column":11}},"49":{"start":{"line":97,"column":35},"end":{"line":109,"column":13}},"50":{"start":{"line":110,"column":29},"end":{"line":110,"column":76}},"51":{"start":{"line":112,"column":12},"end":{"line":128,"column":13}},"52":{"start":{"line":113,"column":14},"end":{"line":113,"column":76}},"53":{"start":{"line":114,"column":14},"end":{"line":119,"column":15}},"54":{"start":{"line":115,"column":16},"end":{"line":118,"column":19}},"55":{"start":{"line":121,"column":14},"end":{"line":121,"column":80}},"56":{"start":{"line":122,"column":14},"end":{"line":127,"column":15}},"57":{"start":{"line":123,"column":16},"end":{"line":126,"column":19}},"58":{"start":{"line":130,"column":12},"end":{"line":130,"column":56}},"59":{"start":{"line":131,"column":12},"end":{"line":131,"column":82}},"60":{"start":{"line":131,"column":26},"end":{"line":131,"column":82}},"61":{"start":{"line":133,"column":10},"end":{"line":133,"column":68}},"62":{"start":{"line":136,"column":10},"end":{"line":136,"column":74}},"63":{"start":{"line":137,"column":10},"end":{"line":140,"column":13}},"64":{"start":{"line":137,"column":24},"end":{"line":140,"column":13}},"65":{"start":{"line":141,"column":10},"end":{"line":141,"column":68}},"66":{"start":{"line":144,"column":8},"end":{"line":144,"column":56}},"67":{"start":{"line":145,"column":8},"end":{"line":145,"column":92}},"68":{"start":{"line":146,"column":8},"end":{"line":149,"column":11}},"69":{"start":{"line":146,"column":22},"end":{"line":149,"column":11}},"70":{"start":{"line":150,"column":8},"end":{"line":150,"column":66}},"71":{"start":{"line":155,"column":4},"end":{"line":159,"column":7}},"72":{"start":{"line":156,"column":6},"end":{"line":156,"column":54}},"73":{"start":{"line":157,"column":6},"end":{"line":157,"column":38}},"74":{"start":{"line":158,"column":6},"end":{"line":158,"column":64}},"75":{"start":{"line":162,"column":4},"end":{"line":174,"column":7}},"76":{"start":{"line":163,"column":6},"end":{"line":163,"column":51}},"77":{"start":{"line":164,"column":6},"end":{"line":173,"column":7}},"78":{"start":{"line":165,"column":28},"end":{"line":165,"column":62}},"79":{"start":{"line":166,"column":25},"end":{"line":166,"column":56}},"80":{"start":{"line":167,"column":26},"end":{"line":167,"column":71}},"81":{"start":{"line":168,"column":8},"end":{"line":168,"column":63}},"82":{"start":{"line":169,"column":8},"end":{"line":169,"column":52}},"83":{"start":{"line":171,"column":8},"end":{"line":171,"column":61}},"84":{"start":{"line":172,"column":8},"end":{"line":172,"column":58}},"85":{"start":{"line":178,"column":0},"end":{"line":178,"column":40}}},"fnMap":{"0":{"name":"registerSocketHandlers","decl":{"start":{"line":6,"column":9},"end":{"line":6,"column":31}},"loc":{"start":{"line":6,"column":36},"end":{"line":176,"column":1}},"line":6},"1":{"name":"(anonymous_1)","decl":{"start":{"line":10,"column":22},"end":{"line":10,"column":23}},"loc":{"start":{"line":10,"column":34},"end":{"line":175,"column":3}},"line":10},"2":{"name":"(anonymous_2)","decl":{"start":{"line":20,"column":35},"end":{"line":20,"column":36}},"loc":{"start":{"line":20,"column":45},"end":{"line":26,"column":5}},"line":20},"3":{"name":"(anonymous_3)","decl":{"start":{"line":29,"column":28},"end":{"line":29,"column":29}},"loc":{"start":{"line":29,"column":38},"end":{"line":35,"column":5}},"line":29},"4":{"name":"(anonymous_4)","decl":{"start":{"line":38,"column":33},"end":{"line":38,"column":34}},"loc":{"start":{"line":38,"column":43},"end":{"line":50,"column":5}},"line":38},"5":{"name":"(anonymous_5)","decl":{"start":{"line":53,"column":25},"end":{"line":53,"column":26}},"loc":{"start":{"line":53,"column":45},"end":{"line":152,"column":5}},"line":53},"6":{"name":"(anonymous_6)","decl":{"start":{"line":63,"column":59},"end":{"line":63,"column":60}},"loc":{"start":{"line":63,"column":72},"end":{"line":72,"column":11}},"line":63},"7":{"name":"(anonymous_7)","decl":{"start":{"line":155,"column":31},"end":{"line":155,"column":32}},"loc":{"start":{"line":155,"column":37},"end":{"line":159,"column":5}},"line":155},"8":{"name":"(anonymous_8)","decl":{"start":{"line":162,"column":34},"end":{"line":162,"column":35}},"loc":{"start":{"line":162,"column":46},"end":{"line":174,"column":5}},"line":162}},"branchMap":{"0":{"loc":{"start":{"line":21,"column":6},"end":{"line":21,"column":36}},"type":"if","locations":[{"start":{"line":21,"column":6},"end":{"line":21,"column":36}},{"start":{},"end":{}}],"line":21},"1":{"loc":{"start":{"line":30,"column":6},"end":{"line":30,"column":36}},"type":"if","locations":[{"start":{"line":30,"column":6},"end":{"line":30,"column":36}},{"start":{},"end":{}}],"line":30},"2":{"loc":{"start":{"line":39,"column":6},"end":{"line":42,"column":7}},"type":"if","locations":[{"start":{"line":39,"column":6},"end":{"line":42,"column":7}},{"start":{},"end":{}}],"line":39},"3":{"loc":{"start":{"line":44,"column":6},"end":{"line":49,"column":7}},"type":"if","locations":[{"start":{"line":44,"column":6},"end":{"line":49,"column":7}},{"start":{"line":47,"column":13},"end":{"line":49,"column":7}}],"line":44},"4":{"loc":{"start":{"line":56,"column":28},"end":{"line":56,"column":98}},"type":"cond-expr","locations":[{"start":{"line":56,"column":64},"end":{"line":56,"column":93}},{"start":{"line":56,"column":96},"end":{"line":56,"column":98}}],"line":56},"5":{"loc":{"start":{"line":56,"column":28},"end":{"line":56,"column":61}},"type":"binary-expr","locations":[{"start":{"line":56,"column":28},"end":{"line":56,"column":39}},{"start":{"line":56,"column":43},"end":{"line":56,"column":61}}],"line":56},"6":{"loc":{"start":{"line":60,"column":8},"end":{"line":142,"column":9}},"type":"if","locations":[{"start":{"line":60,"column":8},"end":{"line":142,"column":9}},{"start":{"line":95,"column":15},"end":{"line":142,"column":9}}],"line":60},"7":{"loc":{"start":{"line":61,"column":23},"end":{"line":61,"column":85}},"type":"cond-expr","locations":[{"start":{"line":61,"column":63},"end":{"line":61,"column":77}},{"start":{"line":61,"column":80},"end":{"line":61,"column":85}}],"line":61},"8":{"loc":{"start":{"line":61,"column":23},"end":{"line":61,"column":60}},"type":"binary-expr","locations":[{"start":{"line":61,"column":23},"end":{"line":61,"column":34}},{"start":{"line":61,"column":38},"end":{"line":61,"column":60}}],"line":61},"9":{"loc":{"start":{"line":75,"column":10},"end":{"line":92,"column":11}},"type":"if","locations":[{"start":{"line":75,"column":10},"end":{"line":92,"column":11}},{"start":{"line":83,"column":17},"end":{"line":92,"column":11}}],"line":75},"10":{"loc":{"start":{"line":75,"column":14},"end":{"line":75,"column":54}},"type":"binary-expr","locations":[{"start":{"line":75,"column":14},"end":{"line":75,"column":22}},{"start":{"line":75,"column":26},"end":{"line":75,"column":54}}],"line":75},"11":{"loc":{"start":{"line":77,"column":12},"end":{"line":82,"column":13}},"type":"if","locations":[{"start":{"line":77,"column":12},"end":{"line":82,"column":13}},{"start":{},"end":{}}],"line":77},"12":{"loc":{"start":{"line":86,"column":12},"end":{"line":91,"column":13}},"type":"if","locations":[{"start":{"line":86,"column":12},"end":{"line":91,"column":13}},{"start":{},"end":{}}],"line":86},"13":{"loc":{"start":{"line":95,"column":15},"end":{"line":142,"column":9}},"type":"if","locations":[{"start":{"line":95,"column":15},"end":{"line":142,"column":9}},{"start":{"line":134,"column":15},"end":{"line":142,"column":9}}],"line":95},"14":{"loc":{"start":{"line":96,"column":10},"end":{"line":132,"column":11}},"type":"if","locations":[{"start":{"line":96,"column":10},"end":{"line":132,"column":11}},{"start":{"line":129,"column":17},"end":{"line":132,"column":11}}],"line":96},"15":{"loc":{"start":{"line":96,"column":14},"end":{"line":96,"column":52}},"type":"binary-expr","locations":[{"start":{"line":96,"column":14},"end":{"line":96,"column":25}},{"start":{"line":96,"column":29},"end":{"line":96,"column":52}}],"line":96},"16":{"loc":{"start":{"line":102,"column":16},"end":{"line":104,"column":44}},"type":"cond-expr","locations":[{"start":{"line":103,"column":20},"end":{"line":103,"column":46}},{"start":{"line":104,"column":20},"end":{"line":104,"column":44}}],"line":102},"17":{"loc":{"start":{"line":106,"column":16},"end":{"line":108,"column":45}},"type":"cond-expr","locations":[{"start":{"line":107,"column":20},"end":{"line":107,"column":46}},{"start":{"line":108,"column":20},"end":{"line":108,"column":45}}],"line":106},"18":{"loc":{"start":{"line":112,"column":12},"end":{"line":128,"column":13}},"type":"if","locations":[{"start":{"line":112,"column":12},"end":{"line":128,"column":13}},{"start":{"line":120,"column":19},"end":{"line":128,"column":13}}],"line":112},"19":{"loc":{"start":{"line":112,"column":16},"end":{"line":112,"column":56}},"type":"binary-expr","locations":[{"start":{"line":112,"column":16},"end":{"line":112,"column":24}},{"start":{"line":112,"column":28},"end":{"line":112,"column":56}}],"line":112},"20":{"loc":{"start":{"line":114,"column":14},"end":{"line":119,"column":15}},"type":"if","locations":[{"start":{"line":114,"column":14},"end":{"line":119,"column":15}},{"start":{},"end":{}}],"line":114},"21":{"loc":{"start":{"line":122,"column":14},"end":{"line":127,"column":15}},"type":"if","locations":[{"start":{"line":122,"column":14},"end":{"line":127,"column":15}},{"start":{},"end":{}}],"line":122},"22":{"loc":{"start":{"line":131,"column":12},"end":{"line":131,"column":82}},"type":"if","locations":[{"start":{"line":131,"column":12},"end":{"line":131,"column":82}},{"start":{},"end":{}}],"line":131},"23":{"loc":{"start":{"line":137,"column":10},"end":{"line":140,"column":13}},"type":"if","locations":[{"start":{"line":137,"column":10},"end":{"line":140,"column":13}},{"start":{},"end":{}}],"line":137},"24":{"loc":{"start":{"line":145,"column":37},"end":{"line":145,"column":88}},"type":"binary-expr","locations":[{"start":{"line":145,"column":37},"end":{"line":145,"column":50}},{"start":{"line":145,"column":54},"end":{"line":145,"column":88}}],"line":145},"25":{"loc":{"start":{"line":146,"column":8},"end":{"line":149,"column":11}},"type":"if","locations":[{"start":{"line":146,"column":8},"end":{"line":149,"column":11}},{"start":{},"end":{}}],"line":146},"26":{"loc":{"start":{"line":148,"column":19},"end":{"line":148,"column":51}},"type":"binary-expr","locations":[{"start":{"line":148,"column":19},"end":{"line":148,"column":32}},{"start":{"line":148,"column":36},"end":{"line":148,"column":51}}],"line":148},"27":{"loc":{"start":{"line":167,"column":26},"end":{"line":167,"column":71}},"type":"cond-expr","locations":[{"start":{"line":167,"column":37},"end":{"line":167,"column":64}},{"start":{"line":167,"column":67},"end":{"line":167,"column":71}}],"line":167}},"s":{"0":3,"1":3,"2":3,"3":27,"4":27,"5":27,"6":27,"7":27,"8":5,"9":2,"10":3,"11":3,"12":3,"13":27,"14":5,"15":2,"16":3,"17":3,"18":3,"19":27,"20":7,"21":2,"22":2,"23":5,"24":5,"25":2,"26":2,"27":3,"28":27,"29":10,"30":10,"31":10,"32":10,"33":4,"34":4,"35":2,"36":2,"37":2,"38":2,"39":4,"40":4,"41":4,"42":4,"43":0,"44":0,"45":0,"46":4,"47":6,"48":6,"49":4,"50":4,"51":4,"52":4,"53":4,"54":4,"55":0,"56":0,"57":0,"58":2,"59":2,"60":2,"61":6,"62":0,"63":0,"64":0,"65":0,"66":0,"67":0,"68":0,"69":0,"70":0,"71":27,"72":1,"73":1,"74":1,"75":27,"76":0,"77":0,"78":0,"79":0,"80":0,"81":0,"82":0,"83":0,"84":0,"85":3},"f":{"0":27,"1":27,"2":5,"3":5,"4":7,"5":10,"6":2,"7":1,"8":0},"b":{"0":[2,3],"1":[2,3],"2":[2,5],"3":[2,3],"4":[10,0],"5":[10,10],"6":[4,6],"7":[4,0],"8":[4,4],"9":[4,0],"10":[4,4],"11":[4,0],"12":[0,0],"13":[6,0],"14":[4,2],"15":[6,6],"16":[0,4],"17":[0,4],"18":[4,0],"19":[4,4],"20":[4,0],"21":[0,0],"22":[2,0],"23":[0,0],"24":[0,0],"25":[0,0],"26":[0,0],"27":[0,0]},"_coverageSchema":"1a1c01bbd47fc00a2c39e90264f33305004495a9","hash":"8d7ff09fe3e2260bec865faaafa544cd9dfa386a"}
,"C:\\Users\\wtrem\\Projects\\SpaceMaquette\\space-maquette-frontend\\space-maquette-server\\src\\state.js": {"path":"C:\\Users\\wtrem\\Projects\\SpaceMaquette\\space-maquette-frontend\\space-maquette-server\\src\\state.js","statementMap":{"0":{"start":{"line":16,"column":20},"end":{"line":92,"column":3}},"1":{"start":{"line":95,"column":25},"end":{"line":97,"column":3}},"2":{"start":{"line":96,"column":4},"end":{"line":96,"column":53}},"3":{"start":{"line":99,"column":29},"end":{"line":104,"column":3}},"4":{"start":{"line":100,"column":4},"end":{"line":100,"column":85}},"5":{"start":{"line":100,"column":32},"end":{"line":100,"column":85}},"6":{"start":{"line":101,"column":4},"end":{"line":101,"column":105}},"7":{"start":{"line":101,"column":48},"end":{"line":101,"column":105}},"8":{"start":{"line":102,"column":4},"end":{"line":102,"column":69}},"9":{"start":{"line":102,"column":36},"end":{"line":102,"column":69}},"10":{"start":{"line":103,"column":4},"end":{"line":103,"column":73}},"11":{"start":{"line":103,"column":28},"end":{"line":103,"column":73}},"12":{"start":{"line":106,"column":27},"end":{"line":112,"column":3}},"13":{"start":{"line":107,"column":4},"end":{"line":107,"column":43}},"14":{"start":{"line":109,"column":4},"end":{"line":111,"column":5}},"15":{"start":{"line":110,"column":6},"end":{"line":110,"column":74}},"16":{"start":{"line":114,"column":22},"end":{"line":116,"column":3}},"17":{"start":{"line":115,"column":4},"end":{"line":115,"column":37}},"18":{"start":{"line":118,"column":29},"end":{"line":120,"column":3}},"19":{"start":{"line":119,"column":4},"end":{"line":119,"column":40}},"20":{"start":{"line":122,"column":24},"end":{"line":125,"column":3}},"21":{"start":{"line":123,"column":4},"end":{"line":123,"column":30}},"22":{"start":{"line":124,"column":4},"end":{"line":124,"column":33}},"23":{"start":{"line":127,"column":23},"end":{"line":133,"column":3}},"24":{"start":{"line":128,"column":4},"end":{"line":131,"column":5}},"25":{"start":{"line":129,"column":6},"end":{"line":129,"column":48}},"26":{"start":{"line":130,"column":6},"end":{"line":130,"column":18}},"27":{"start":{"line":132,"column":4},"end":{"line":132,"column":17}},"28":{"start":{"line":135,"column":2},"end":{"line":144,"column":4}}},"fnMap":{"0":{"name":"(anonymous_0)","decl":{"start":{"line":95,"column":25},"end":{"line":95,"column":26}},"loc":{"start":{"line":95,"column":42},"end":{"line":97,"column":3}},"line":95},"1":{"name":"(anonymous_1)","decl":{"start":{"line":99,"column":29},"end":{"line":99,"column":30}},"loc":{"start":{"line":99,"column":41},"end":{"line":104,"column":3}},"line":99},"2":{"name":"(anonymous_2)","decl":{"start":{"line":106,"column":27},"end":{"line":106,"column":28}},"loc":{"start":{"line":106,"column":38},"end":{"line":112,"column":3}},"line":106},"3":{"name":"(anonymous_3)","decl":{"start":{"line":114,"column":22},"end":{"line":114,"column":23}},"loc":{"start":{"line":114,"column":33},"end":{"line":116,"column":3}},"line":114},"4":{"name":"(anonymous_4)","decl":{"start":{"line":118,"column":29},"end":{"line":118,"column":30}},"loc":{"start":{"line":118,"column":43},"end":{"line":120,"column":3}},"line":118},"5":{"name":"(anonymous_5)","decl":{"start":{"line":122,"column":24},"end":{"line":122,"column":25}},"loc":{"start":{"line":122,"column":30},"end":{"line":125,"column":3}},"line":122},"6":{"name":"(anonymous_6)","decl":{"start":{"line":127,"column":23},"end":{"line":127,"column":24}},"loc":{"start":{"line":127,"column":49},"end":{"line":133,"column":3}},"line":127}},"branchMap":{"0":{"loc":{"start":{"line":100,"column":4},"end":{"line":100,"column":85}},"type":"if","locations":[{"start":{"line":100,"column":4},"end":{"line":100,"column":85}},{"start":{},"end":{}}],"line":100},"1":{"loc":{"start":{"line":101,"column":4},"end":{"line":101,"column":105}},"type":"if","locations":[{"start":{"line":101,"column":4},"end":{"line":101,"column":105}},{"start":{},"end":{}}],"line":101},"2":{"loc":{"start":{"line":102,"column":4},"end":{"line":102,"column":69}},"type":"if","locations":[{"start":{"line":102,"column":4},"end":{"line":102,"column":69}},{"start":{},"end":{}}],"line":102},"3":{"loc":{"start":{"line":103,"column":4},"end":{"line":103,"column":73}},"type":"if","locations":[{"start":{"line":103,"column":4},"end":{"line":103,"column":73}},{"start":{},"end":{}}],"line":103},"4":{"loc":{"start":{"line":109,"column":4},"end":{"line":111,"column":5}},"type":"if","locations":[{"start":{"line":109,"column":4},"end":{"line":111,"column":5}},{"start":{},"end":{}}],"line":109},"5":{"loc":{"start":{"line":128,"column":4},"end":{"line":131,"column":5}},"type":"if","locations":[{"start":{"line":128,"column":4},"end":{"line":131,"column":5}},{"start":{},"end":{}}],"line":128},"6":{"loc":{"start":{"line":128,"column":8},"end":{"line":128,"column":87}},"type":"binary-expr","locations":[{"start":{"line":128,"column":8},"end":{"line":128,"column":36}},{"start":{"line":128,"column":40},"end":{"line":128,"column":87}}],"line":128}},"s":{"0":9,"1":9,"2":108,"3":9,"4":26,"5":15,"6":26,"7":2,"8":26,"9":22,"10":26,"11":2,"12":9,"13":135,"14":135,"15":10,"16":9,"17":2,"18":9,"19":2,"20":9,"21":1,"22":1,"23":9,"24":4,"25":2,"26":2,"27":2,"28":9},"f":{"0":108,"1":26,"2":135,"3":2,"4":2,"5":1,"6":4},"b":{"0":[15,11],"1":[2,24],"2":[22,4],"3":[2,24],"4":[10,125],"5":[2,2],"6":[4,3]},"_coverageSchema":"1a1c01bbd47fc00a2c39e90264f33305004495a9","hash":"31b6d2eff66eb79ceed74a6ff984f0c0b54797e2"}
,"C:\\Users\\wtrem\\Projects\\SpaceMaquette\\space-maquette-frontend\\space-maquette-server\\src\\database\\data-service.js": {"path":"C:\\Users\\wtrem\\Projects\\SpaceMaquette\\space-maquette-frontend\\space-maquette-server\\src\\database\\data-service.js","statementMap":{"0":{"start":{"line":2,"column":15},"end":{"line":2,"column":33}},"1":{"start":{"line":7,"column":4},"end":{"line":12,"column":7}},"2":{"start":{"line":8,"column":6},"end":{"line":11,"column":9}},"3":{"start":{"line":9,"column":8},"end":{"line":10,"column":27}},"4":{"start":{"line":9,"column":17},"end":{"line":9,"column":29}},"5":{"start":{"line":10,"column":13},"end":{"line":10,"column":27}},"6":{"start":{"line":16,"column":4},"end":{"line":21,"column":7}},"7":{"start":{"line":17,"column":6},"end":{"line":20,"column":9}},"8":{"start":{"line":18,"column":8},"end":{"line":19,"column":26}},"9":{"start":{"line":18,"column":17},"end":{"line":18,"column":29}},"10":{"start":{"line":19,"column":13},"end":{"line":19,"column":26}},"11":{"start":{"line":38,"column":8},"end":{"line":38,"column":16}},"12":{"start":{"line":40,"column":4},"end":{"line":65,"column":7}},"13":{"start":{"line":41,"column":6},"end":{"line":64,"column":8}},"14":{"start":{"line":61,"column":10},"end":{"line":62,"column":57}},"15":{"start":{"line":61,"column":19},"end":{"line":61,"column":31}},"16":{"start":{"line":62,"column":15},"end":{"line":62,"column":57}},"17":{"start":{"line":69,"column":19},"end":{"line":71,"column":17}},"18":{"start":{"line":70,"column":20},"end":{"line":70,"column":32}},"19":{"start":{"line":72,"column":19},"end":{"line":72,"column":42}},"20":{"start":{"line":74,"column":4},"end":{"line":84,"column":7}},"21":{"start":{"line":75,"column":6},"end":{"line":83,"column":8}},"22":{"start":{"line":79,"column":10},"end":{"line":81,"column":44}},"23":{"start":{"line":79,"column":19},"end":{"line":79,"column":31}},"24":{"start":{"line":80,"column":15},"end":{"line":81,"column":44}},"25":{"start":{"line":80,"column":39},"end":{"line":80,"column":75}},"26":{"start":{"line":81,"column":15},"end":{"line":81,"column":44}},"27":{"start":{"line":88,"column":4},"end":{"line":94,"column":7}},"28":{"start":{"line":89,"column":6},"end":{"line":93,"column":9}},"29":{"start":{"line":90,"column":8},"end":{"line":92,"column":44}},"30":{"start":{"line":90,"column":17},"end":{"line":90,"column":29}},"31":{"start":{"line":91,"column":13},"end":{"line":92,"column":44}},"32":{"start":{"line":91,"column":37},"end":{"line":91,"column":73}},"33":{"start":{"line":92,"column":13},"end":{"line":92,"column":44}},"34":{"start":{"line":99,"column":4},"end":{"line":104,"column":7}},"35":{"start":{"line":100,"column":6},"end":{"line":103,"column":9}},"36":{"start":{"line":101,"column":8},"end":{"line":102,"column":26}},"37":{"start":{"line":101,"column":17},"end":{"line":101,"column":29}},"38":{"start":{"line":102,"column":13},"end":{"line":102,"column":26}},"39":{"start":{"line":108,"column":56},"end":{"line":108,"column":63}},"40":{"start":{"line":110,"column":4},"end":{"line":120,"column":7}},"41":{"start":{"line":111,"column":6},"end":{"line":119,"column":8}},"42":{"start":{"line":116,"column":10},"end":{"line":117,"column":56}},"43":{"start":{"line":116,"column":19},"end":{"line":116,"column":31}},"44":{"start":{"line":117,"column":15},"end":{"line":117,"column":56}},"45":{"start":{"line":125,"column":4},"end":{"line":130,"column":7}},"46":{"start":{"line":126,"column":6},"end":{"line":129,"column":9}},"47":{"start":{"line":127,"column":8},"end":{"line":128,"column":26}},"48":{"start":{"line":127,"column":17},"end":{"line":127,"column":29}},"49":{"start":{"line":128,"column":13},"end":{"line":128,"column":26}},"50":{"start":{"line":134,"column":4},"end":{"line":134,"column":52}},"51":{"start":{"line":136,"column":4},"end":{"line":246,"column":5}},"52":{"start":{"line":138,"column":23},"end":{"line":138,"column":47}},"53":{"start":{"line":140,"column":6},"end":{"line":242,"column":7}},"54":{"start":{"line":141,"column":8},"end":{"line":141,"column":61}},"55":{"start":{"line":144,"column":32},"end":{"line":193,"column":9}},"56":{"start":{"line":196,"column":8},"end":{"line":196,"column":53}},"57":{"start":{"line":199,"column":23},"end":{"line":199,"column":51}},"58":{"start":{"line":200,"column":29},"end":{"line":200,"column":61}},"59":{"start":{"line":200,"column":46},"end":{"line":200,"column":49}},"60":{"start":{"line":201,"column":23},"end":{"line":201,"column":53}},"61":{"start":{"line":203,"column":8},"end":{"line":217,"column":11}},"62":{"start":{"line":204,"column":10},"end":{"line":216,"column":12}},"63":{"start":{"line":208,"column":14},"end":{"line":214,"column":15}},"64":{"start":{"line":209,"column":16},"end":{"line":209,"column":63}},"65":{"start":{"line":210,"column":16},"end":{"line":210,"column":28}},"66":{"start":{"line":212,"column":16},"end":{"line":212,"column":70}},"67":{"start":{"line":213,"column":16},"end":{"line":213,"column":65}},"68":{"start":{"line":220,"column":8},"end":{"line":220,"column":73}},"69":{"start":{"line":222,"column":23},"end":{"line":224,"column":21}},"70":{"start":{"line":223,"column":24},"end":{"line":223,"column":36}},"71":{"start":{"line":225,"column":23},"end":{"line":225,"column":50}},"72":{"start":{"line":227,"column":8},"end":{"line":241,"column":11}},"73":{"start":{"line":228,"column":10},"end":{"line":240,"column":12}},"74":{"start":{"line":232,"column":14},"end":{"line":238,"column":15}},"75":{"start":{"line":233,"column":16},"end":{"line":233,"column":63}},"76":{"start":{"line":234,"column":16},"end":{"line":234,"column":28}},"77":{"start":{"line":236,"column":16},"end":{"line":236,"column":80}},"78":{"start":{"line":237,"column":16},"end":{"line":237,"column":62}},"79":{"start":{"line":244,"column":6},"end":{"line":244,"column":55}},"80":{"start":{"line":245,"column":6},"end":{"line":245,"column":18}},"81":{"start":{"line":251,"column":4},"end":{"line":260,"column":7}},"82":{"start":{"line":252,"column":6},"end":{"line":259,"column":8}},"83":{"start":{"line":256,"column":10},"end":{"line":257,"column":29}},"84":{"start":{"line":256,"column":19},"end":{"line":256,"column":31}},"85":{"start":{"line":257,"column":15},"end":{"line":257,"column":29}},"86":{"start":{"line":264,"column":59},"end":{"line":264,"column":67}},"87":{"start":{"line":266,"column":4},"end":{"line":276,"column":7}},"88":{"start":{"line":267,"column":6},"end":{"line":275,"column":8}},"89":{"start":{"line":272,"column":10},"end":{"line":273,"column":70}},"90":{"start":{"line":272,"column":19},"end":{"line":272,"column":31}},"91":{"start":{"line":273,"column":15},"end":{"line":273,"column":70}},"92":{"start":{"line":280,"column":4},"end":{"line":290,"column":7}},"93":{"start":{"line":281,"column":6},"end":{"line":289,"column":8}},"94":{"start":{"line":285,"column":10},"end":{"line":287,"column":57}},"95":{"start":{"line":285,"column":19},"end":{"line":285,"column":31}},"96":{"start":{"line":286,"column":15},"end":{"line":287,"column":57}},"97":{"start":{"line":286,"column":39},"end":{"line":286,"column":75}},"98":{"start":{"line":287,"column":15},"end":{"line":287,"column":57}},"99":{"start":{"line":295,"column":4},"end":{"line":300,"column":7}},"100":{"start":{"line":296,"column":6},"end":{"line":299,"column":9}},"101":{"start":{"line":297,"column":8},"end":{"line":298,"column":27}},"102":{"start":{"line":297,"column":17},"end":{"line":297,"column":29}},"103":{"start":{"line":298,"column":13},"end":{"line":298,"column":27}},"104":{"start":{"line":304,"column":4},"end":{"line":316,"column":7}},"105":{"start":{"line":305,"column":6},"end":{"line":315,"column":8}},"106":{"start":{"line":312,"column":10},"end":{"line":313,"column":29}},"107":{"start":{"line":312,"column":19},"end":{"line":312,"column":31}},"108":{"start":{"line":313,"column":15},"end":{"line":313,"column":29}},"109":{"start":{"line":320,"column":0},"end":{"line":320,"column":35}}},"fnMap":{"0":{"name":"(anonymous_0)","decl":{"start":{"line":6,"column":2},"end":{"line":6,"column":3}},"loc":{"start":{"line":6,"column":19},"end":{"line":13,"column":3}},"line":6},"1":{"name":"(anonymous_1)","decl":{"start":{"line":7,"column":23},"end":{"line":7,"column":24}},"loc":{"start":{"line":7,"column":44},"end":{"line":12,"column":5}},"line":7},"2":{"name":"(anonymous_2)","decl":{"start":{"line":8,"column":48},"end":{"line":8,"column":49}},"loc":{"start":{"line":8,"column":63},"end":{"line":11,"column":7}},"line":8},"3":{"name":"(anonymous_3)","decl":{"start":{"line":15,"column":2},"end":{"line":15,"column":3}},"loc":{"start":{"line":15,"column":20},"end":{"line":22,"column":3}},"line":15},"4":{"name":"(anonymous_4)","decl":{"start":{"line":16,"column":23},"end":{"line":16,"column":24}},"loc":{"start":{"line":16,"column":44},"end":{"line":21,"column":5}},"line":16},"5":{"name":"(anonymous_5)","decl":{"start":{"line":17,"column":55},"end":{"line":17,"column":56}},"loc":{"start":{"line":17,"column":69},"end":{"line":20,"column":7}},"line":17},"6":{"name":"(anonymous_6)","decl":{"start":{"line":24,"column":2},"end":{"line":24,"column":3}},"loc":{"start":{"line":24,"column":29},"end":{"line":66,"column":3}},"line":24},"7":{"name":"(anonymous_7)","decl":{"start":{"line":40,"column":23},"end":{"line":40,"column":24}},"loc":{"start":{"line":40,"column":44},"end":{"line":65,"column":5}},"line":40},"8":{"name":"(anonymous_8)","decl":{"start":{"line":60,"column":8},"end":{"line":60,"column":9}},"loc":{"start":{"line":60,"column":23},"end":{"line":63,"column":9}},"line":60},"9":{"name":"(anonymous_9)","decl":{"start":{"line":68,"column":2},"end":{"line":68,"column":3}},"loc":{"start":{"line":68,"column":33},"end":{"line":85,"column":3}},"line":68},"10":{"name":"(anonymous_10)","decl":{"start":{"line":70,"column":11},"end":{"line":70,"column":12}},"loc":{"start":{"line":70,"column":20},"end":{"line":70,"column":32}},"line":70},"11":{"name":"(anonymous_11)","decl":{"start":{"line":74,"column":23},"end":{"line":74,"column":24}},"loc":{"start":{"line":74,"column":44},"end":{"line":84,"column":5}},"line":74},"12":{"name":"(anonymous_12)","decl":{"start":{"line":78,"column":8},"end":{"line":78,"column":9}},"loc":{"start":{"line":78,"column":23},"end":{"line":82,"column":9}},"line":78},"13":{"name":"(anonymous_13)","decl":{"start":{"line":87,"column":2},"end":{"line":87,"column":3}},"loc":{"start":{"line":87,"column":23},"end":{"line":95,"column":3}},"line":87},"14":{"name":"(anonymous_14)","decl":{"start":{"line":88,"column":23},"end":{"line":88,"column":24}},"loc":{"start":{"line":88,"column":44},"end":{"line":94,"column":5}},"line":88},"15":{"name":"(anonymous_15)","decl":{"start":{"line":89,"column":53},"end":{"line":89,"column":54}},"loc":{"start":{"line":89,"column":68},"end":{"line":93,"column":7}},"line":89},"16":{"name":"(anonymous_16)","decl":{"start":{"line":98,"column":2},"end":{"line":98,"column":3}},"loc":{"start":{"line":98,"column":19},"end":{"line":105,"column":3}},"line":98},"17":{"name":"(anonymous_17)","decl":{"start":{"line":99,"column":23},"end":{"line":99,"column":24}},"loc":{"start":{"line":99,"column":44},"end":{"line":104,"column":5}},"line":99},"18":{"name":"(anonymous_18)","decl":{"start":{"line":100,"column":53},"end":{"line":100,"column":54}},"loc":{"start":{"line":100,"column":67},"end":{"line":103,"column":7}},"line":100},"19":{"name":"(anonymous_19)","decl":{"start":{"line":107,"column":2},"end":{"line":107,"column":3}},"loc":{"start":{"line":107,"column":27},"end":{"line":121,"column":3}},"line":107},"20":{"name":"(anonymous_20)","decl":{"start":{"line":110,"column":23},"end":{"line":110,"column":24}},"loc":{"start":{"line":110,"column":44},"end":{"line":120,"column":5}},"line":110},"21":{"name":"(anonymous_21)","decl":{"start":{"line":115,"column":8},"end":{"line":115,"column":9}},"loc":{"start":{"line":115,"column":23},"end":{"line":118,"column":9}},"line":115},"22":{"name":"(anonymous_22)","decl":{"start":{"line":124,"column":2},"end":{"line":124,"column":3}},"loc":{"start":{"line":124,"column":22},"end":{"line":131,"column":3}},"line":124},"23":{"name":"(anonymous_23)","decl":{"start":{"line":125,"column":23},"end":{"line":125,"column":24}},"loc":{"start":{"line":125,"column":44},"end":{"line":130,"column":5}},"line":125},"24":{"name":"(anonymous_24)","decl":{"start":{"line":126,"column":64},"end":{"line":126,"column":65}},"loc":{"start":{"line":126,"column":78},"end":{"line":129,"column":7}},"line":126},"25":{"name":"(anonymous_25)","decl":{"start":{"line":133,"column":2},"end":{"line":133,"column":3}},"loc":{"start":{"line":133,"column":37},"end":{"line":247,"column":3}},"line":133},"26":{"name":"(anonymous_26)","decl":{"start":{"line":200,"column":40},"end":{"line":200,"column":41}},"loc":{"start":{"line":200,"column":46},"end":{"line":200,"column":49}},"line":200},"27":{"name":"(anonymous_27)","decl":{"start":{"line":203,"column":27},"end":{"line":203,"column":28}},"loc":{"start":{"line":203,"column":48},"end":{"line":217,"column":9}},"line":203},"28":{"name":"(anonymous_28)","decl":{"start":{"line":207,"column":12},"end":{"line":207,"column":13}},"loc":{"start":{"line":207,"column":27},"end":{"line":215,"column":13}},"line":207},"29":{"name":"(anonymous_29)","decl":{"start":{"line":223,"column":1
[...]
xistingTables","decl":{"start":{"line":84,"column":9},"end":{"line":84,"column":27}},"loc":{"start":{"line":84,"column":30},"end":{"line":103,"column":1}},"line":84},"5":{"name":"(anonymous_5)","decl":{"start":{"line":100,"column":17},"end":{"line":100,"column":18}},"loc":{"start":{"line":100,"column":28},"end":{"line":102,"column":3}},"line":100},"6":{"name":"createShowsTable","decl":{"start":{"line":105,"column":9},"end":{"line":105,"column":25}},"loc":{"start":{"line":105,"column":28},"end":{"line":128,"column":1}},"line":105},"7":{"name":"createMapTable","decl":{"start":{"line":130,"column":9},"end":{"line":130,"column":23}},"loc":{"start":{"line":130,"column":26},"end":{"line":145,"column":1}},"line":130},"8":{"name":"createLightTables","decl":{"start":{"line":147,"column":9},"end":{"line":147,"column":26}},"loc":{"start":{"line":147,"column":29},"end":{"line":170,"column":1}},"line":147},"9":{"name":"createScansTable","decl":{"start":{"line":172,"column":9},"end":{"line":172,"column":25}},"loc":{"start":{"line":172,"column":28},"end":{"line":190,"column":1}},"line":172},"10":{"name":"createSettingsTable","decl":{"start":{"line":192,"column":9},"end":{"line":192,"column":28}},"loc":{"start":{"line":192,"column":31},"end":{"line":250,"column":1}},"line":192},"11":{"name":"insertDefaultData","decl":{"start":{"line":252,"column":9},"end":{"line":252,"column":26}},"loc":{"start":{"line":252,"column":29},"end":{"line":354,"column":1}},"line":252},"12":{"name":"(anonymous_12)","decl":{"start":{"line":275,"column":24},"end":{"line":275,"column":25}},"loc":{"start":{"line":275,"column":35},"end":{"line":277,"column":3}},"line":275}},"branchMap":{"0":{"loc":{"start":{"line":11,"column":0},"end":{"line":13,"column":1}},"type":"if","locations":[{"start":{"line":11,"column":0},"end":{"line":13,"column":1}},{"start":{},"end":{}}],"line":11},"1":{"loc":{"start":{"line":17,"column":2},"end":{"line":21,"column":3}},"type":"if","locations":[{"start":{"line":17,"column":2},"end":{"line":21,"column":3}},{"start":{"line":19,"column":9},"end":{"line":21,"column":3}}],"line":17},"2":{"loc":{"start":{"line":34,"column":8},"end":{"line":37,"column":9}},"type":"if","locations":[{"start":{"line":34,"column":8},"end":{"line":37,"column":9}},{"start":{},"end":{}}],"line":34},"3":{"loc":{"start":{"line":39,"column":8},"end":{"line":42,"column":9}},"type":"if","locations":[{"start":{"line":39,"column":8},"end":{"line":42,"column":9}},{"start":{},"end":{}}],"line":39}},"s":{"0":0,"1":0,"2":0,"3":0,"4":0,"5":0,"6":0,"7":0,"8":0,"9":0,"10":0,"11":0,"12":0,"13":0,"14":0,"15":0,"16":0,"17":0,"18":0,"19":0,"20":0,"21":0,"22":0,"23":0,"24":0,"25":0,"26":0,"27":0,"28":0,"29":0,"30":0,"31":0,"32":0,"33":0,"34":0,"35":0,"36":0,"37":0,"38":0,"39":0,"40":0,"41":0,"42":0,"43":0,"44":0},"f":{"0":0,"1":0,"2":0,"3":0,"4":0,"5":0,"6":0,"7":0,"8":0,"9":0,"10":0,"11":0,"12":0},"b":{"0":[0,0],"1":[0,0],"2":[0,0],"3":[0,0]}}
,"C:\\Users\\wtrem\\Projects\\SpaceMaquette\\space-maquette-frontend\\space-maquette-server\\src\\routes\\api.js": {"path":"C:\\Users\\wtrem\\Projects\\SpaceMaquette\\space-maquette-frontend\\space-maquette-server\\src\\routes\\api.js","statementMap":{"0":{"start":{"line":3,"column":16},"end":{"line":3,"column":34}},"1":{"start":{"line":4,"column":15},"end":{"line":4,"column":31}},"2":{"start":{"line":5,"column":20},"end":{"line":5,"column":55}},"3":{"start":{"line":6,"column":24},"end":{"line":6,"column":43}},"4":{"start":{"line":9,"column":0},"end":{"line":15,"column":3}},"5":{"start":{"line":10,"column":2},"end":{"line":10,"column":80}},"6":{"start":{"line":11,"column":2},"end":{"line":13,"column":3}},"7":{"start":{"line":12,"column":4},"end":{"line":12,"column":59}},"8":{"start":{"line":14,"column":2},"end":{"line":14,"column":9}},"9":{"start":{"line":18,"column":0},"end":{"line":26,"column":3}},"10":{"start":{"line":19,"column":2},"end":{"line":25,"column":3}},"11":{"start":{"line":20,"column":18},"end":{"line":20,"column":46}},"12":{"start":{"line":21,"column":4},"end":{"line":21,"column":20}},"13":{"start":{"line":23,"column":4},"end":{"line":23,"column":47}},"14":{"start":{"line":24,"column":4},"end":{"line":24,"column":49}},"15":{"start":{"line":27,"column":0},"end":{"line":64,"column":3}},"16":{"start":{"line":28,"column":2},"end":{"line":63,"column":3}},"17":{"start":{"line":29,"column":24},"end":{"line":29,"column":59}},"18":{"start":{"line":32,"column":21},"end":{"line":32,"column":52}},"19":{"start":{"line":33,"column":26},"end":{"line":33,"column":56}},"20":{"start":{"line":35,"column":4},"end":{"line":40,"column":5}},"21":{"start":{"line":36,"column":6},"end":{"line":39,"column":9}},"22":{"start":{"line":43,"column":17},"end":{"line":43,"column":57}},"23":{"start":{"line":45,"column":4},"end":{"line":47,"column":5}},"24":{"start":{"line":46,"column":6},"end":{"line":46,"column":63}},"25":{"start":{"line":50,"column":4},"end":{"line":59,"column":7}},"26":{"start":{"line":61,"column":4},"end":{"line":61,"column":53}},"27":{"start":{"line":62,"column":4},"end":{"line":62,"column":67}},"28":{"start":{"line":65,"column":0},"end":{"line":74,"column":3}},"29":{"start":{"line":66,"column":2},"end":{"line":73,"column":3}},"30":{"start":{"line":67,"column":17},"end":{"line":67,"column":57}},"31":{"start":{"line":68,"column":4},"end":{"line":68,"column":72}},"32":{"start":{"line":68,"column":15},"end":{"line":68,"column":72}},"33":{"start":{"line":69,"column":4},"end":{"line":69,"column":19}},"34":{"start":{"line":71,"column":4},"end":{"line":71,"column":63}},"35":{"start":{"line":72,"column":4},"end":{"line":72,"column":49}},"36":{"start":{"line":76,"column":0},"end":{"line":91,"column":3}},"37":{"start":{"line":77,"column":2},"end":{"line":90,"column":3}},"38":{"start":{"line":78,"column":54},"end":{"line":78,"column":62}},"39":{"start":{"line":80,"column":4},"end":{"line":82,"column":5}},"40":{"start":{"line":81,"column":6},"end":{"line":81,"column":72}},"41":{"start":{"line":84,"column":4},"end":{"line":84,"column":48}},"42":{"start":{"line":85,"column":17},"end":{"line":85,"column":55}},"43":{"start":{"line":86,"column":4},"end":{"line":86,"column":31}},"44":{"start":{"line":88,"column":4},"end":{"line":88,"column":47}},"45":{"start":{"line":89,"column":4},"end":{"line":89,"column":49}},"46":{"start":{"line":93,"column":0},"end":{"line":106,"column":3}},"47":{"start":{"line":94,"column":2},"end":{"line":105,"column":3}},"48":{"start":{"line":95,"column":4},"end":{"line":95,"column":61}},"49":{"start":{"line":96,"column":17},"end":{"line":96,"column":70}},"50":{"start":{"line":97,"column":4},"end":{"line":97,"column":19}},"51":{"start":{"line":99,"column":4},"end":{"line":99,"column":64}},"52":{"start":{"line":100,"column":4},"end":{"line":104,"column":5}},"53":{"start":{"line":101,"column":6},"end":{"line":101,"column":51}},"54":{"start":{"line":103,"column":6},"end":{"line":103,"column":51}},"55":{"start":{"line":108,"column":0},"end":{"line":121,"column":3}},"56":{"start":{"line":109,"column":2},"end":{"line":120,"column":3}},"57":{"start":{"line":110,"column":4},"end":{"line":110,"column":50}},"58":{"start":{"line":111,"column":4},"end":{"line":111,"column":48}},"59":{"start":{"line":112,"column":4},"end":{"line":112,"column":55}},"60":{"start":{"line":114,"column":4},"end":{"line":114,"column":64}},"61":{"start":{"line":115,"column":4},"end":{"line":119,"column":5}},"62":{"start":{"line":116,"column":6},"end":{"line":116,"column":51}},"63":{"start":{"line":118,"column":6},"end":{"line":118,"column":51}},"64":{"start":{"line":124,"column":0},"end":{"line":133,"column":3}},"65":{"start":{"line":125,"column":2},"end":{"line":132,"column":3}},"66":{"start":{"line":126,"column":16},"end":{"line":126,"column":55}},"67":{"start":{"line":127,"column":4},"end":{"line":127,"column":70}},"68":{"start":{"line":127,"column":14},"end":{"line":127,"column":70}},"69":{"start":{"line":128,"column":4},"end":{"line":128,"column":18}},"70":{"start":{"line":130,"column":4},"end":{"line":130,"column":62}},"71":{"start":{"line":131,"column":4},"end":{"line":131,"column":49}},"72":{"start":{"line":135,"column":0},"end":{"line":144,"column":3}},"73":{"start":{"line":136,"column":2},"end":{"line":143,"column":3}},"74":{"start":{"line":137,"column":4},"end":{"line":137,"column":47}},"75":{"start":{"line":138,"column":16},"end":{"line":138,"column":53}},"76":{"start":{"line":139,"column":4},"end":{"line":139,"column":30}},"77":{"start":{"line":141,"column":4},"end":{"line":141,"column":46}},"78":{"start":{"line":142,"column":4},"end":{"line":142,"column":49}},"79":{"start":{"line":147,"column":0},"end":{"line":155,"column":3}},"80":{"start":{"line":148,"column":2},"end":{"line":154,"column":3}},"81":{"start":{"line":149,"column":18},"end":{"line":149,"column":59}},"82":{"start":{"line":150,"column":4},"end":{"line":150,"column":20}},"83":{"start":{"line":152,"column":4},"end":{"line":152,"column":73}},"84":{"start":{"line":153,"column":4},"end":{"line":153,"column":49}},"85":{"start":{"line":157,"column":0},"end":{"line":166,"column":3}},"86":{"start":{"line":158,"column":2},"end":{"line":165,"column":3}},"87":{"start":{"line":159,"column":4},"end":{"line":159,"column":48}},"88":{"start":{"line":160,"column":17},"end":{"line":160,"column":55}},"89":{"start":{"line":161,"column":4},"end":{"line":161,"column":31}},"90":{"start":{"line":163,"column":4},"end":{"line":163,"column":47}},"91":{"start":{"line":164,"column":4},"end":{"line":164,"column":49}},"92":{"start":{"line":168,"column":0},"end":{"line":187,"column":3}},"93":{"start":{"line":169,"column":2},"end":{"line":186,"column":3}},"94":{"start":{"line":170,"column":41},"end":{"line":170,"column":49}},"95":{"start":{"line":171,"column":4},"end":{"line":171,"column":68}},"96":{"start":{"line":172,"column":17},"end":{"line":177,"column":5}},"97":{"start":{"line":178,"column":4},"end":{"line":178,"column":19}},"98":{"start":{"line":180,"column":4},"end":{"line":180,"column":71}},"99":{"start":{"line":181,"column":4},"end":{"line":185,"column":5}},"100":{"start":{"line":182,"column":6},"end":{"line":182,"column":51}},"101":{"start":{"line":184,"column":6},"end":{"line":184,"column":51}},"102":{"start":{"line":190,"column":0},"end":{"line":198,"column":3}},"103":{"start":{"line":191,"column":2},"end":{"line":197,"column":3}},"104":{"start":{"line":192,"column":21},"end":{"line":192,"column":52}},"105":{"start":{"line":193,"column":4},"end":{"line":193,"column":23}},"106":{"start":{"line":195,"column":4},"end":{"line":195,"column":50}},"107":{"start":{"line":196,"column":4},"end":{"line":196,"column":49}},"108":{"start":{"line":200,"column":0},"end":{"line":209,"column":3}},"109":{"start":{"line":201,"column":2},"end":{"line":208,"column":3}},"110":{"start":{"line":202,"column":4},"end":{"line":202,"column":48}},"111":{"start":{"line":203,"column":21},"end":{"line":203,"column":63}},"112":{"start":{"line":204,"column":4},"end":{"line":204,"column":23}},"113":{"start":{"line":206,"column":4},"end":{"line":206,"column":51}},"114":{"start":{"line":207,"column":4},"end":{"line":207,"column":49}},"115":{"start":{"line":212,"column":0},"end":{"line":215,"column":3}},"116":{"start":{"line":213,"column":2},"end":{"line":213,"column":41}},"117":{"start":{"line":214,"column":2},"end":{"line":214,"column":38}},"118":{"start":{"line":218,"column":0},"end":{"line":226,"column":3}},"119":{"start":{"line":219,"column":2},"end":{"line":225,"column":5}},"120":{"start":{"line":228,"column":0},"end":{"line":238,"column":3}},"121":{"start":{"line":229,"column":2},"end":{"line":237,"column":5}},"122":{"start":{"line":240,"column":0},"end":{"line":242,"column":3}},"123":{"start":{"line":241,"column":2},"end":{"line":241,"column":39}},"124":{"start":{"line":244,"column":0},"end":{"line":246,"column":3}},"125":{"start":{"line":245,"column":2},"end":{"line":245,"column":33}},"126":{"start":{"line":248,"column":0},"end":{"line":253,"column":3}},"127":{"start":{"line":249,"column":2},"end":{"line":249,"column":36}},"128":{"start":{"line":250,"column":2},"end":{"line":250,"column":28}},"129":{"start":{"line":251,"column":2},"end":{"line":251,"column":31}},"130":{"start":{"line":252,"column":2},"end":{"line":252,"column":45}},"131":{"start":{"line":255,"column":0},"end":{"line":255,"column":24}}},"fnMap":{"0":{"name":"(anonymous_0)","decl":{"start":{"line":9,"column":11},"end":{"line":9,"column":12}},"loc":{"start":{"line":9,"column":31},"end":{"line":15,"column":1}},"line":9},"1":{"name":"(anonymous_1)","decl":{"start":{"line":18,"column":21},"end":{"line":18,"column":22}},"loc":{"start":{"line":18,"column":41},"end":{"line":26,"column":1}},"line":18},"2":{"name":"(anonymous_2)","decl":{"start":{"line":27,"column":24},"end":{"line":27,"column":25}},"loc":{"start":{"line":27,"column":44},"end":{"line":64,"column":1}},"line":27},"3":{"name":"(anonymous_3)","decl":{"start":{"line":65,"column":25},"end":{"line":65,"column":26}},"loc":{"start":{"line":65,"column":45},"end":{"line":74,"column":1}},"line":65},"4":{"name":"(anonymous_4)","decl":{"start":{"line":76,"column":22},"end":{"line":76,"column":23}},"loc":{"start":{"line":76,"column":42},"end":{"line":91,"column":1}},"line":76},"5":{"name":"(anonymous_5)","decl":{"start":{"line":93,"column":25},"end":{"line":93,"column":26}},"loc":{"start":{"line":93,"column":45},"end":{"line":106,"column":1}},"line":93},"6":{"name":"(anonymous_6)","decl":{"start":{"line":108,"column":28},"end":{"line":108,"column":29}},"loc":{"start":{"line":108,"column":48},"end":{"line":121,"column":1}},"line":108},"7":{"name":"(anonymous_7)","decl":{"start":{"line":124,"column":24},"end":{"line":124,"column":25}},"loc":{"start":{"line":124,"column":44},"end":{"line":133,"column":1}},"line":124},"8":{"name":"(anonymous_8)","decl":{"start":{"line":135,"column":21},"end":{"line":135,"column":22}},"loc":{"start":{"line":135,"column":41},"end":{"line":144,"column":1}},"line":135},"9":{"name":"(anonymous_9)","decl":{"start":{"line":147,"column":31},"end":{"line":147,"column":32}},"loc":{"start":{"line":147,"column":51},"end":{"line":155,"column":1}},"line":147},"10":{"name":"(anonymous_10)","decl":{"start":{"line":157,"column":22},"end":{"line":157,"column":23}},"loc":{"start":{"line":157,"column":42},"end":{"line":166,"column":1}},"line":157},"11":{"name":"(anonymous_11)","decl":{"start":{"line":168,"column":34},"end":{"line":168,"column":35}},"loc":{"start":{"line":168,"column":54},"end":{"line":187,"column":1}},"line":168},"12":{"name":"(anonymous_12)","decl":{"start":{"line":190,"column":24},"end":{"line":190,"column":25}},"loc":{"start":{"line":190,"column":44},"end":{"line":198,"column":1}},"line":190},"13":{"name":"(anonymous_13)","decl":{"start":{"line":200,"column":26},"end":{"line":200,"column":27}},"loc":{"start":{"line":200,"column":46},"end":{"line":209,"column":1}},"line":200},"14":{"name":"(anonymous_14)","decl":{"start":{"line":212,"column":23},"end":{"line":212,"column":24}},"loc":{"start":{"line":212,"column":37},"end":{"line":215,"column":1}},"line":212},"15":{"name":"(anonymous_15)","decl":{"start":{"line":218,"column":22},"end":{"line":218,"column":23}},"loc":{"start":{"line":218,"column":36},"end":{"line":226,"column":1}},"line":218},"16":{"name":"(anonymous_16)","decl":{"start":{"line":228,"column":24},"end":{"line":228,"column":25}},"loc":{"start":{"line":228,"column":38},"end":{"line":238,"column":1}},"line":228},"17":{"name":"(anonymous_17)","decl":{"start":{"line":240,"column":24},"end":{"line":240,"column":25}},"loc":{"start":{"line":240,"column":38},"end":{"line":242,"column":1}},"line":240},"18":{"name":"(anonymous_18)","decl":{"start":{"line":244,"column":25},"end":{"line":244,"column":26}},"loc":{"start":{"line":244,"column":39},"end":{"line":246,"column":1}},"line":244},"19":{"name":"(anonymous_19)","decl":{"start":{"line":248,"column":28},"end":{"line":248,"column":29}},"loc":{"start":{"line":248,"column":42},"end":{"line":253,"column":1}},"line":248}},"branchMap":{"0":{"loc":{"start":{"line":11,"column":2},"end":{"line":13,"column":3}},"type":"if","locations":[{"start":{"line":11,"column":2},"end":{"line":13,"column":3}},{"start":{},"end":{}}],"line":11},"1":{"loc":{"start":{"line":11,"column":6},"end":{"line":11,"column":50}},"type":"binary-expr","locations":[{"start":{"line":11,"column":6},"end":{"line":11,"column":14}},{"start":{"line":11,"column":18},"end":{"line":11,"column":50}}],"line":11},"2":{"loc":{"start":{"line":33,"column":26},"end":{"line":33,"column":56}},"type":"binary-expr","locations":[{"start":{"line":33,"column":26},"end":{"line":33,"column":48}},{"start":{"line":33,"column":52},"end":{"line":33,"column":56}}],"line":33},"3":{"loc":{"start":{"line":35,"column":4},"end":{"line":40,"column":5}},"type":"if","locations":[{"start":{"line":35,"column":4},"end":{"line":40,"column":5}},{"start":{},"end":{}}],"line":35},"4":{"loc":{"start":{"line":45,"column":4},"end":{"line":47,"column":5}},"type":"if","locations":[{"start":{"line":45,"column":4},"end":{"line":47,"column":5}},{"start":{},"end":{}}],"line":45},"5":{"loc":{"start":{"line":68,"column":4},"end":{"line":68,"column":72}},"type":"if","locations":[{"start":{"line":68,"column":4},"end":{"line":68,"column":72}},{"start":{},"end":{}}],"line":68},"6":{"loc":{"start":{"line":80,"column":4},"end":{"line":82,"column":5}},"type":"if","locations":[{"start":{"line":80,"column":4},"end":{"line":82,"column":5}},{"start":{},"end":{}}],"line":80},"7":{"loc":{"start":{"line":80,"column":8},"end":{"line":80,"column":55}},"type":"binary-expr","locations":[{"start":{"line":80,"column":8},"end":{"line":80,"column":18}},{"start":{"line":80,"column":22},"end":{"line":80,"column":29}},{"start":{"line":80,"column":33},"end":{"line":80,"column":41}},{"start":{"line":80,"column":45},"end":{"line":80,"column":55}}],"line":80},"8":{"loc":{"start":{"line":100,"column":4},"end":{"line":104,"column":5}},"type":"if","locations":[{"start":{"line":100,"column":4},"end":{"line":104,"column":5}},{"start":{"line":102,"column":11},"end":{"line":104,"column":5}}],"line":100},"9":{"loc":{"start":{"line":115,"column":4},"end":{"line":119,"column":5}},"type":"if","locations":[{"start":{"line":115,"column":4},"end":{"line":119,"column":5}},{"start":{"line":117,"column":11},"end":{"line":119,"column":5}}],"line":115},"10":{"loc":{"start":{"line":127,"column":4},"end":{"line":127,"column":70}},"type":"if","locations":[{"start":{"line":127,"column":4},"end":{"line":127,"column":70}},{"start":{},"end":{}}],"line":127},"11":{"loc":{"start":{"line":181,"column":4},"end":{"line":185,"column":5}},"type":"if","locations":[{"start":{"line":181,"column":4},"end":{"line":185,"column":5}},{"start":{"line":183,"column":11},"end":{"line":185,"column":5}}],"line":181}},"s":{"0":0,"1":0,"2":0,"3":0,"4":0,"5":0,"6":0,"7":0,"8":0,"9":0,"10":0,"11":0,"12":0,"13":0,"14":0,"15":0,"16":0,"17":0,"18":0,"19":0,"20":0,"21":0,"22":0,"23":0,"24":0,"25":0,"26":0,"27":0,"28":0,"29":0,"30":0,"31":0,"32":0,"33":0,"34":0,"35":0,"36":0,"37":0,"38":0,"39":0,"40":0,"41":0,"42":0,"43":0,"44":0,"45":0,"46":0,"47":0,"48":0,"49":0,"50":0,"51":0,"52":0,"53":0,"54":0,"55":0,"56":0,"57":0,"58":0,"59":0,"60":0,"61":0,"62":0,"63":0,"64":0,"65":0,"66":0,"67":0,"68":0,"69":0,"70":0,"71":0,"72":0,"73":0,"74":0,"75":0,"76":0,"77":0,"78":0,"79":0,"80":0,"81":0,"82":0,"83":0,"84":0,"85":0,"86":0,"87":0,"88":0,"89":0,"90":0,"91":0,"92":0,"93":0,"94":0,"95":0,"96":0,"97":0,"98":0,"99":0,"100":0,"101":0,"102":0,"103":0,"104":0,"105":0,"106":0,"107":0,"108":0,"109":0,"110":0,"111":0,"112":0,"113":0,"114":0,"115":0,"116":0,"117":0,"118":0,"119":0,"120":0,"121":0,"122":0,"123":0,"124":0,"125":0,"126":0,"127":0,"128":0,"129":0,"130":0,"131":0},"f":{"0":0,"1":0,"2":0,"3":0,"4":0,"5":0,"6":0,"7":0,"8":0,"9":0,"10":0,"11":0,"12":0,"13":0,"14":0,"15":0,"16":0,"17":0,"18":0,"19":0},"b":{"0":[0,0],"1":[0,0],"2":[0,0],"3":[0,0],"4":[0,0],"5":[0,0],"6":[0,0],"7":[0,0,0,0],"8":[0,0],"9":[0,0],"10":[0,0],"11":[0,0]}}
}
