TN:
SF:src\logger.js
FN:29,logDebug
FNF:1
FNH:1
FNDA:29,logDebug
DA:2,2
DA:3,2
DA:5,2
DA:7,2
DA:8,2
DA:9,2
DA:10,2
DA:11,2
DA:13,2
DA:14,2
DA:16,0
DA:19,0
DA:31,29
DA:33,0
DA:37,2
LF:15
LH:12
BRDA:9,0,0,2
BRDA:9,0,1,0
BRDA:31,1,0,0
BRDA:31,1,1,29
BRDA:31,2,0,29
BRDA:31,2,1,29
BRDA:31,2,2,28
BRF:7
BRH:5
end_of_record
TN:
SF:src\motion-controller.js
FN:7,processKeyboardMovement
FN:23,processMouseLook
FNF:2
FNH:2
FNDA:5,processKeyboardMovement
FNDA:4,processMouseLook
DA:2,3
DA:3,3
DA:4,3
DA:5,3
DA:8,5
DA:9,5
DA:10,5
DA:15,5
DA:19,5
DA:20,5
DA:24,4
DA:25,4
DA:26,4
DA:31,4
DA:35,4
DA:40,4
DA:43,3
LF:17
LH:17
BRF:0
BRH:0
end_of_record
TN:
SF:src\motion-solver.js
FN:37,calculatePositionUpdate
FN:59,processKeyboardMovement
FN:97,processMouseLook
FN:140,processButtonMovement
FNF:4
FNH:4
FNDA:1,calculatePositionUpdate
FNDA:7,processKeyboardMovement
FNDA:6,processMouseLook
FNDA:9,processButtonMovement
DA:2,4
DA:3,4
DA:4,4
DA:5,4
DA:9,4
DA:10,4
DA:13,4
DA:14,4
DA:15,4
DA:17,0
DA:18,0
DA:26,4
DA:27,4
DA:28,4
DA:29,4
DA:32,4
DA:33,0
DA:34,0
DA:38,1
DA:39,1
DA:42,1
DA:43,1
DA:46,1
DA:47,1
DA:50,1
DA:51,1
DA:52,1
DA:53,1
DA:60,7
DA:63,7
DA:64,7
DA:65,2
DA:66,2
DA:70,5
DA:73,3
DA:74,3
DA:78,3
DA:82,2
DA:83,1
DA:84,1
DA:88,1
DA:92,1
DA:93,1
DA:94,1
DA:98,6
DA:101,6
DA:102,6
DA:103,6
DA:104,1
DA:105,1
DA:108,5
DA:109,1
DA:110,1
DA:113,4
DA:114,0
DA:115,0
DA:120,4
DA:123,4
DA:124,4
DA:127,4
DA:128,4
DA:136,4
DA:137,4
DA:141,9
DA:142,9
DA:144,9
DA:146,2
DA:147,2
DA:149,1
DA:150,1
DA:152,1
DA:153,1
DA:155,1
DA:156,1
DA:158,1
DA:159,1
DA:161,1
DA:162,1
DA:164,1
DA:165,1
DA:167,1
DA:168,1
DA:170,0
DA:171,0
DA:173,0
DA:174,0
DA:177,9
DA:178,9
DA:179,9
DA:182,9
DA:183,9
DA:186,4
LF:92
LH:82
BRDA:32,0,0,0
BRDA:32,0,1,4
BRDA:33,1,0,0
BRDA:33,1,1,0
BRDA:34,2,0,0
BRDA:34,2,1,0
BRDA:50,3,0,1
BRDA:50,3,1,0
BRDA:60,4,0,0
BRDA:60,5,0,0
BRDA:60,6,0,0
BRDA:64,7,0,2
BRDA:64,7,1,5
BRDA:64,8,0,7
BRDA:64,8,1,7
BRDA:70,9,0,3
BRDA:70,9,1,2
BRDA:70,10,0,5
BRDA:70,10,1,5
BRDA:70,10,2,4
BRDA:82,11,0,1
BRDA:82,11,1,1
BRDA:82,12,0,2
BRDA:82,12,1,2
BRDA:82,12,2,1
BRDA:98,13,0,0
BRDA:98,14,0,0
BRDA:102,15,0,6
BRDA:102,15,1,0
BRDA:103,16,0,1
BRDA:103,16,1,5
BRDA:108,17,0,1
BRDA:108,17,1,4
BRDA:113,18,0,0
BRDA:113,18,1,4
BRDA:144,19,0,2
BRDA:144,19,1,1
BRDA:144,19,2,1
BRDA:144,19,3,1
BRDA:144,19,4,1
BRDA:144,19,5,1
BRDA:144,19,6,1
BRDA:144,19,7,1
BRDA:144,19,8,0
BRDA:144,19,9,0
BRDA:177,20,0,9
BRDA:177,20,1,0
BRF:47
BRH:31
end_of_record
TN:
SF:src\motion_sim.js
FN:39,setIo
FN:44,emitStatus
FN:56,calculateMotionProfile
FN:107,calculatePositionAtTime
FN:181,startAxisMotion
FN:211,(anonymous_5)
FN:247,(anonymous_6)
FN:275,stopAxisMotion
FN:280,(anonymous_8)
FN:294,moveToPosition
FN:301,(anonymous_10)
FN:313,executeButtonMovement
FN:367,stopAllMotions
FN:369,(anonymous_13)
FN:379,homeAxis
FN:398,(anonymous_15)
FN:402,(anonymous_16)
FN:413,(anonymous_17)
FNF:18
FNH:0
FNDA:0,setIo
FNDA:0,emitStatus
FNDA:0,calculateMotionProfile
FNDA:0,calculatePositionAtTime
FNDA:0,startAxisMotion
FNDA:0,(anonymous_5)
FNDA:0,(anonymous_6)
FNDA:0,stopAxisMotion
FNDA:0,(anonymous_8)
FNDA:0,moveToPosition
FNDA:0,(anonymous_10)
FNDA:0,executeButtonMovement
FNDA:0,stopAllMotions
FNDA:0,(anonymous_13)
FNDA:0,homeAxis
FNDA:0,(anonymous_15)
FNDA:0,(anonymous_16)
FNDA:0,(anonymous_17)
DA:2,2
DA:3,2
DA:5,2
DA:7,2
DA:31,2
DA:40,0
DA:41,0
DA:45,0
DA:46,0
DA:47,0
DA:52,0
DA:57,0
DA:65,0
DA:66,0
DA:67,0
DA:68,0
DA:70,0
DA:71,0
DA:72,0
DA:73,0
DA:80,0
DA:89,0
DA:90,0
DA:91,0
DA:97,0
DA:108,0
DA:109,0
DA:112,0
DA:114,0
DA:115,0
DA:117,0
DA:118,0
DA:121,0
DA:122,0
DA:123,0
DA:124,0
DA:125,0
DA:127,0
DA:128,0
DA:129,0
DA:130,0
DA:132,0
DA:137,0
DA:141,0
DA:142,0
DA:144,0
DA:145,0
DA:146,0
DA:149,0
DA:150,0
DA:151,0
DA:154,0
DA:157,0
DA:158,0
DA:159,0
DA:160,0
DA:162,0
DA:167,0
DA:169,0
DA:172,0
DA:174,0
DA:175,0
DA:176,0
DA:182,0
DA:185,0
DA:187,0
DA:188,0
DA:191,0
DA:192,0
DA:193,0
DA:194,0
DA:197,0
DA:198,0
DA:201,0
DA:202,0
DA:206,0
DA:207,0
DA:208,0
DA:209,0
DA:210,0
DA:211,0
DA:212,0
DA:213,0
DA:214,0
DA:216,0
DA:219,0
DA:224,0
DA:228,0
DA:234,0
DA:235,0
DA:237,0
DA:241,0
DA:243,0
DA:247,0
DA:248,0
DA:249,0
DA:251,0
DA:252,0
DA:253,0
DA:254,0
DA:255,0
DA:257,0
DA:264,0
DA:265,0
DA:267,0
DA:269,0
DA:270,0
DA:276,0
DA:277,0
DA:278,0
DA:279,0
DA:280,0
DA:281,0
DA:285,0
DA:286,0
DA:288,0
DA:290,0
DA:295,0
DA:296,0
DA:297,0
DA:300,0
DA:301,0
DA:302,0
DA:303,0
DA:304,0
DA:310,0
DA:314,0
DA:315,0
DA:316,0
DA:319,0
DA:320,0
DA:321,0
DA:322,0
DA:324,0
DA:326,0
DA:327,0
DA:329,0
DA:330,0
DA:332,0
DA:333,0
DA:335,0
DA:336,0
DA:338,0
DA:339,0
DA:341,0
DA:342,0
DA:344,0
DA:345,0
DA:347,0
DA:348,0
DA:350,0
DA:351,0
DA:353,0
DA:354,0
DA:356,0
DA:357,0
DA:360,0
DA:364,0
DA:368,0
DA:369,0
DA:370,0
DA:373,0
DA:374,0
DA:376,0
DA:380,0
DA:381,0
DA:382,0
DA:385,0
DA:386,0
DA:392,0
DA:393,0
DA:395,0
DA:396,0
DA:397,0
DA:398,0
DA:399,0
DA:400,0
DA:401,0
DA:402,0
DA:403,0
DA:404,0
DA:405,0
DA:406,0
DA:409,0
DA:410,0
DA:411,0
DA:412,0
DA:413,0
DA:414,0
DA:415,0
DA:416,0
DA:417,0
DA:420,0
DA:421,0
DA:424,0
DA:427,2
LF:196
LH:6
BRDA:45,0,0,0
BRDA:45,0,1,0
BRDA:70,1,0,0
BRDA:70,1,1,0
BRDA:112,2,0,0
BRDA:112,2,1,0
BRDA:117,3,0,0
BRDA:117,3,1,0
BRDA:123,4,0,0
BRDA:123,4,1,0
BRDA:129,5,0,0
BRDA:129,5,1,0
BRDA:150,6,0,0
BRDA:150,6,1,0
BRDA:158,7,0,0
BRDA:158,7,1,0
BRDA:181,8,0,0
BRDA:191,9,0,0
BRDA:191,9,1,0
BRDA:192,10,0,0
BRDA:192,10,1,0
BRDA:193,11,0,0
BRDA:193,11,1,0
BRDA:197,12,0,0
BRDA:197,12,1,0
BRDA:201,13,0,0
BRDA:201,13,1,0
BRDA:206,14,0,0
BRDA:206,14,1,0
BRDA:214,15,0,0
BRDA:214,15,1,0
BRDA:239,16,0,0
BRDA:239,16,1,0
BRDA:251,17,0,0
BRDA:251,17,1,0
BRDA:264,18,0,0
BRDA:264,18,1,0
BRDA:275,19,0,0
BRDA:276,20,0,0
BRDA:276,20,1,0
BRDA:280,21,0,0
BRDA:280,21,1,0
BRDA:288,22,0,0
BRDA:288,22,1,0
BRDA:295,23,0,0
BRDA:295,23,1,0
BRDA:302,24,0,0
BRDA:302,24,1,0
BRDA:314,25,0,0
BRDA:314,25,1,0
BRDA:324,26,0,0
BRDA:324,26,1,0
BRDA:324,26,2,0
BRDA:324,26,3,0
BRDA:324,26,4,0
BRDA:324,26,5,0
BRDA:324,26,6,0
BRDA:324,26,7,0
BRDA:324,26,8,0
BRDA:324,26,9,0
BRDA:324,26,10,0
BRDA:379,27,0,0
BRDA:380,28,0,0
BRDA:380,28,1,0
BRDA:395,29,0,0
BRDA:395,29,1,0
BRDA:406,30,0,0
BRDA:406,30,1,0
BRDA:409,31,0,0
BRDA:409,31,1,0
BRDA:417,32,0,0
BRDA:417,32,1,0
BRF:72
BRH:0
end_of_record
TN:
SF:src\socketHandlers.js
FN:6,registerSocketHandlers
FN:10,(anonymous_1)
FN:20,(anonymous_2)
FN:29,(anonymous_3)
FN:38,(anonymous_4)
FN:53,(anonymous_5)
FN:63,(anonymous_6)
FN:155,(anonymous_7)
FN:162,(anonymous_8)
FNF:9
FNH:8
FNDA:27,registerSocketHandlers
FNDA:27,(anonymous_1)
FNDA:5,(anonymous_2)
FNDA:5,(anonymous_3)
FNDA:7,(anonymous_4)
FNDA:10,(anonymous_5)
FNDA:2,(anonymous_6)
FNDA:1,(anonymous_7)
FNDA:0,(anonymous_8)
DA:2,3
DA:3,3
DA:4,3
DA:8,27
DA:10,27
DA:11,27
DA:14,27
DA:20,27
DA:21,5
DA:22,3
DA:24,3
DA:25,3
DA:29,27
DA:30,5
DA:31,3
DA:33,3
DA:34,3
DA:38,27
DA:39,7
DA:40,2
DA:41,2
DA:43,5
DA:44,5
DA:45,2
DA:46,2
DA:48,3
DA:53,27
DA:54,10
DA:55,10
DA:59,10
DA:60,10
DA:61,4
DA:63,4
DA:64,2
DA:65,2
DA:66,2
DA:71,2
DA:75,4
DA:76,4
DA:77,4
DA:78,4
DA:85,0
DA:86,0
DA:87,0
DA:94,4
DA:95,6
DA:96,6
DA:97,4
DA:110,4
DA:112,4
DA:113,4
DA:114,4
DA:115,4
DA:121,0
DA:122,0
DA:123,0
DA:130,2
DA:131,2
DA:133,6
DA:136,0
DA:137,0
DA:141,0
DA:144,0
DA:145,0
DA:146,0
DA:150,0
DA:155,27
DA:156,1
DA:157,1
DA:158,1
DA:162,27
DA:163,0
DA:164,0
DA:165,0
DA:166,0
DA:167,0
DA:168,0
DA:169,0
DA:171,0
DA:172,0
DA:178,3
LF:81
LH:59
BRDA:21,0,0,2
BRDA:21,0,1,3
BRDA:30,1,0,2
BRDA:30,1,1,3
BRDA:39,2,0,2
BRDA:39,2,1,5
BRDA:44,3,0,2
BRDA:44,3,1,3
BRDA:56,4,0,10
BRDA:56,4,1,0
BRDA:56,5,0,10
BRDA:56,5,1,10
BRDA:60,6,0,4
BRDA:60,6,1,6
BRDA:61,7,0,4
BRDA:61,7,1,0
BRDA:61,8,0,4
BRDA:61,8,1,4
BRDA:75,9,0,4
BRDA:75,9,1,0
BRDA:75,10,0,4
BRDA:75,10,1,4
BRDA:77,11,0,4
BRDA:77,11,1,0
BRDA:86,12,0,0
BRDA:86,12,1,0
BRDA:95,13,0,6
BRDA:95,13,1,0
BRDA:96,14,0,4
BRDA:96,14,1,2
BRDA:96,15,0,6
BRDA:96,15,1,6
BRDA:102,16,0,0
BRDA:102,16,1,4
BRDA:106,17,0,0
BRDA:106,17,1,4
BRDA:112,18,0,4
BRDA:112,18,1,0
BRDA:112,19,0,4
BRDA:112,19,1,4
BRDA:114,20,0,4
BRDA:114,20,1,0
BRDA:122,21,0,0
BRDA:122,21,1,0
BRDA:131,22,0,2
BRDA:131,22,1,0
BRDA:137,23,0,0
BRDA:137,23,1,0
BRDA:145,24,0,0
BRDA:145,24,1,0
BRDA:146,25,0,0
BRDA:146,25,1,0
BRDA:148,26,0,0
BRDA:148,26,1,0
BRDA:167,27,0,0
BRDA:167,27,1,0
BRF:56
BRH:32
end_of_record
TN:
SF:src\state.js
FN:95,(anonymous_0)
FN:99,(anonymous_1)
FN:106,(anonymous_2)
FN:114,(anonymous_3)
FN:118,(anonymous_4)
FN:122,(anonymous_5)
FN:127,(anonymous_6)
FNF:7
FNH:7
FNDA:108,(anonymous_0)
FNDA:26,(anonymous_1)
FNDA:135,(anonymous_2)
FNDA:2,(anonymous_3)
FNDA:2,(anonymous_4)
FNDA:1,(anonymous_5)
FNDA:4,(anonymous_6)
DA:16,9
DA:95,9
DA:96,108
DA:99,9
DA:100,26
DA:101,26
DA:102,26
DA:103,26
DA:106,9
DA:107,135
DA:109,135
DA:110,10
DA:114,9
DA:115,2
DA:118,9
DA:119,2
DA:122,9
DA:123,1
DA:124,1
DA:127,9
DA:128,4
DA:129,2
DA:130,2
DA:132,2
DA:135,9
LF:25
LH:25
BRDA:100,0,0,15
BRDA:100,0,1,11
BRDA:101,1,0,2
BRDA:101,1,1,24
BRDA:102,2,0,22
BRDA:102,2,1,4
BRDA:103,3,0,2
BRDA:103,3,1,24
BRDA:109,4,0,10
BRDA:109,4,1,125
BRDA:128,5,0,2
BRDA:128,5,1,2
BRDA:128,6,0,4
BRDA:128,6,1,3
BRF:14
BRH:14
end_of_record
TN:
SF:src\database\data-service.js
FN:6,(anonymous_0)
FN:7,(anonymous_1)
FN:8,(anonymous_2)
FN:15,(anonymous_3)
FN:16,(anonymous_4)
FN:17,(anonymous_5)
FN:24,(anonymous_6)
FN:40,(anonymous_7)
FN:60,(anonymous_8)
FN:68,(anonymous_9)
FN:70,(anonymous_10)
FN:74,(anonymous_11)
FN:78,(anonymous_12)
FN:87,(anonymous_13)
FN:88,(anonymous_14)
FN:89,(anonymous_15)
FN:98,(anonymous_16)
FN:99,(anonymous_17)
FN:100,(anonymous_18)
FN:107,(anonymous_19)
FN:110,(anonymous_20)
FN:115,(anonymous_21)
FN:124,(anonymous_22)
FN:125,(anonymous_23)
FN:126,(anonymous_24)
FN:133,(anonymous_25)
FN:200,(anonymous_26)
FN:203,(anonymous_27)
FN:207,(anonymous_28)
FN:223,(anonymous_29)
FN:227,(anonymous_30)
FN:231,(anonymous_31)
FN:250,(anonymous_32)
FN:251,(anonymous_33)
FN:255,(anonymous_34)
FN:263,(anonymous_35)
FN:266,(anonymous_36)
FN:271,(anonymous_37)
FN:279,(anonymous_38)
FN:280,(anonymous_39)
FN:284,(anonymous_40)
FN:294,(anonymous_41)
FN:295,(anonymous_42)
FN:296,(anonymous_43)
FN:303,(anonymous_44)
FN:304,(anonymous_45)
FN:311,(anonymous_46)
FNF:47
FNH:0
FNDA:0,(anonymous_0)
FNDA:0,(anonymous_1)
FNDA:0,(anonymous_2)
FNDA:0,(anonymous_3)
FNDA:0,(anonymous_4)
FNDA:0,(anonymous_5)
FNDA:0,(anonymous_6)
FNDA:0,(anonymous_7)
FNDA:0,(anonymous_8)
FNDA:0,(anonymous_9)
FNDA:0,(anonymous_10)
FNDA:0,(anonymous_11)
FNDA:0,(anonymous_12)
FNDA:0,(anonymous_13)
FNDA:0,(anonymous_14)
FNDA:0,(anonymous_15)
FNDA:0,(anonymous_16)
FNDA:0,(anonymous_17)
FNDA:0,(anonymous_18)
FNDA:0,(anonymous_19)
FNDA:0,(anonymous_20)
FNDA:0,(anonymous_21)
FNDA:0,(anonymous_22)
FNDA:0,(anonymous_23)
FNDA:0,(anonymous_24)
FNDA:0,(anonymous_25)
FNDA:0,(anonymous_26)
FNDA:0,(anonymous_27)
FNDA:0,(anonymous_28)
FNDA:0,(anonymous_29)
FNDA:0,(anonymous_30)
FNDA:0,(anonymous_31)
FNDA:0,(anonymous_32)
FNDA:0,(anonymous_33)
FNDA:0,(anonymous_34)
FNDA:0,(anonymous_35)
FNDA:0,(anonymous_36)
FNDA:0,(anonymous_37)
FNDA:0,(anonymous_38)
FNDA:0,(anonymous_39)
FNDA:0,(anonymous_40)
FNDA:0,(anonymous_41)
FNDA:0,(anonymous_42)
FNDA:0,(anonymous_43)
FNDA:0,(anonymous_44)
FNDA:0,(anonymous_45)
FNDA:0,(anonymous_46)
DA:2,0
DA:7,0
DA:8,0
DA:9,0
DA:10,0
DA:16,0
DA:17,0
DA:18,0
DA:19,0
DA:38,0
DA:40,0
DA:41,0
DA:61,0
DA:62,0
DA:69,0
DA:70,0
DA:72,0
DA:74,0
DA:75,0
DA:79,0
DA:80,0
DA:81,0
DA:88,0
DA:89,0
DA:90,0
DA:91,0
DA:92,0
DA:99,0
DA:100,0
DA:101,0
DA:102,0
DA:108,0
DA:110,0
DA:111,0
DA:116,0
DA:117,0
DA:125,0
DA:126,0
DA:127,0
DA:128,0
DA:134,0
DA:136,0
DA:138,0
DA:140,0
DA:141,0
DA:144,0
DA:196,0
DA:199,0
DA:200,0
DA:201,0
DA:203,0
DA:204,0
DA:208,0
DA:209,0
DA:210,0
DA:212,0
DA:213,0
DA:220,0
DA:222,0
DA:223,0
DA:225,0
DA:227,0
DA:228,0
DA:232,0
DA:233,0
DA:234,0
DA:236,0
DA:237,0
DA:244,0
DA:245,0
DA:251,0
DA:252,0
DA:256,0
DA:257,0
DA:264,0
DA:266,0
DA:267,0
DA:272,0
DA:273,0
DA:280,0
DA:281,0
DA:285,0
DA:286,0
DA:287,0
DA:295,0
DA:296,0
DA:297,0
DA:298,0
DA:304,0
DA:305,0
DA:312,0
DA:313,0
DA:320,0
LF:93
LH:0
BRDA:9,0,0,0
BRDA:9,0,1,0
BRDA:18,1,0,0
BRDA:18,1,1,0
BRDA:61,2,0,0
BRDA:61,2,1,0
BRDA:79,3,0,0
BRDA:79,3,1,0
BRDA:80,4,0,0
BRDA:80,4,1,0
BRDA:90,5,0,0
BRDA:90,5,1,0
BRDA:91,6,0,0
BRDA:91,6,1,0
BRDA:101,7,0,0
BRDA:101,7,1,0
BRDA:116,8,0,0
BRDA:116,8,1,0
BRDA:127,9,0,0
BRDA:127,9,1,0
BRDA:140,10,0,0
BRDA:140,10,1,0
BRDA:208,11,0,0
BRDA:208,11,1,0
BRDA:232,12,0,0
BRDA:232,12,1,0
BRDA:256,13,0,0
BRDA:256,13,1,0
BRDA:272,14,0,0
BRDA:272,14,1,0
BRDA:283,15,0,0
BRDA:283,15,1,0
BRDA:285,16,0,0
BRDA:285,16,1,0
BRDA:286,17,0,0
BRDA:286,17,1,0
BRDA:297,18,0,0
BRDA:297,18,1,0
BRDA:312,19,0,0
BRDA:312,19,1,0
BRF:40
BRH:0
end_of_record
TN:
SF:src\database\setup.js
FN:16,(anonymous_0)
FN:25,setupDatabase
FN:29,(anonymous_2)
FN:33,(anonymous_3)
FN:84,dropExistingTables
FN:100,(anonymous_5)
FN:105,createShowsTable
FN:130,createMapTable
FN:147,createLightTables
FN:172,createScansTable
FN:192,createSettingsTable
FN:252,insertDefaultData
FN:275,(anonymous_12)
FNF:13
FNH:0
FNDA:0,(anonymous_0)
FNDA:0,setupDatabase
FNDA:0,(anonymous_2)
FNDA:0,(anonymous_3)
FNDA:0,dropExistingTables
FNDA:0,(anonymous_5)
FNDA:0,createShowsTable
FNDA:0,createMapTable
FNDA:0,createLightTables
FNDA:0,createScansTable
FNDA:0,createSettingsTable
FNDA:0,insertDefaultData
FNDA:0,(anonymous_12)
DA:2,0
DA:3,0
DA:4,0
DA:7,0
DA:10,0
DA:11,0
DA:12,0
DA:16,0
DA:17,0
DA:18,0
DA:20,0
DA:26,0
DA:29,0
DA:31,0
DA:34,0
DA:35,0
DA:36,0
DA:39,0
DA:40,0
DA:41,0
DA:44,0
DA:47,0
DA:50,0
DA:72,0
DA:73,0
DA:74,0
DA:75,0
DA:78,0
DA:85,0
DA:100,0
DA:101,0
DA:106,0
DA:131,0
DA:149,0
DA:160,0
DA:173,0
DA:193,0
DA:254,0
DA:263,0
DA:270,0
DA:275,0
DA:276,0
DA:279,0
DA:282,0
DA:356,0
LF:45
LH:0
BRDA:11,0,0,0
BRDA:11,0,1,0
BRDA:17,1,0,0
BRDA:17,1,1,0
BRDA:34,2,0,0
BRDA:34,2,1,0
BRDA:39,3,0,0
BRDA:39,3,1,0
BRF:8
BRH:0
end_of_record
TN:
SF:src\routes\api.js
FN:9,(anonymous_0)
FN:18,(anonymous_1)
FN:27,(anonymous_2)
FN:65,(anonymous_3)
FN:76,(anonymous_4)
FN:93,(anonymous_5)
FN:108,(anonymous_6)
FN:124,(anonymous_7)
FN:135,(anonymous_8)
FN:147,(anonymous_9)
FN:157,(anonymous_10)
FN:168,(anonymous_11)
FN:190,(anonymous_12)
FN:200,(anonymous_13)
FN:212,(anonymous_14)
FN:218,(anonymous_15)
FN:228,(anonymous_16)
FN:240,(anonymous_17)
FN:244,(anonymous_18)
FN:248,(anonymous_19)
FNF:20
FNH:0
FNDA:0,(anonymous_0)
FNDA:0,(anonymous_1)
FNDA:0,(anonymous_2)
FNDA:0,(anonymous_3)
FNDA:0,(anonymous_4)
FNDA:0,(anonymous_5)
FNDA:0,(anonymous_6)
FNDA:0,(anonymous_7)
FNDA:0,(anonymous_8)
FNDA:0,(anonymous_9)
FNDA:0,(anonymous_10)
FNDA:0,(anonymous_11)
FNDA:0,(anonymous_12)
FNDA:0,(anonymous_13)
FNDA:0,(anonymous_14)
FNDA:0,(anonymous_15)
FNDA:0,(anonymous_16)
FNDA:0,(anonymous_17)
FNDA:0,(anonymous_18)
FNDA:0,(anonymous_19)
DA:3,0
DA:4,0
DA:5,0
DA:6,0
DA:9,0
DA:10,0
DA:11,0
DA:12,0
DA:14,0
DA:18,0
DA:19,0
DA:20,0
DA:21,0
DA:23,0
DA:24,0
DA:27,0
DA:28,0
DA:29,0
DA:32,0
DA:33,0
DA:35,0
DA:36,0
DA:43,0
DA:45,0
DA:46,0
DA:50,0
DA:61,0
DA:62,0
DA:65,0
DA:66,0
DA:67,0
DA:68,0
DA:69,0
DA:71,0
DA:72,0
DA:76,0
DA:77,0
DA:78,0
DA:80,0
DA:81,0
DA:84,0
DA:85,0
DA:86,0
DA:88,0
DA:89,0
DA:93,0
DA:94,0
DA:95,0
DA:96,0
DA:97,0
DA:99,0
DA:100,0
DA:101,0
DA:103,0
DA:108,0
DA:109,0
DA:110,0
DA:111,0
DA:112,0
DA:114,0
DA:115,0
DA:116,0
DA:118,0
DA:124,0
DA:125,0
DA:126,0
DA:127,0
DA:128,0
DA:130,0
DA:131,0
DA:135,0
DA:136,0
DA:137,0
DA:138,0
DA:139,0
DA:141,0
DA:142,0
DA:147,0
DA:148,0
DA:149,0
DA:150,0
DA:152,0
DA:153,0
DA:157,0
DA:158,0
DA:159,0
DA:160,0
DA:161,0
DA:163,0
DA:164,0
DA:168,0
DA:169,0
DA:170,0
DA:171,0
DA:172,0
DA:178,0
DA:180,0
DA:181,0
DA:182,0
DA:184,0
DA:190,0
DA:191,0
DA:192,0
DA:193,0
DA:195,0
DA:196,0
DA:200,0
DA:201,0
DA:202,0
DA:203,0
DA:204,0
DA:206,0
DA:207,0
DA:212,0
DA:213,0
DA:214,0
DA:218,0
DA:219,0
DA:228,0
DA:229,0
DA:240,0
DA:241,0
DA:244,0
DA:245,0
DA:248,0
DA:249,0
DA:250,0
DA:251,0
DA:252,0
DA:255,0
LF:130
LH:0
BRDA:11,0,0,0
BRDA:11,0,1,0
BRDA:11,1,0,0
BRDA:11,1,1,0
BRDA:33,2,0,0
BRDA:33,2,1,0
BRDA:35,3,0,0
BRDA:35,3,1,0
BRDA:45,4,0,0
BRDA:45,4,1,0
BRDA:68,5,0,0
BRDA:68,5,1,0
BRDA:80,6,0,0
BRDA:80,6,1,0
BRDA:80,7,0,0
BRDA:80,7,1,0
BRDA:80,7,2,0
BRDA:80,7,3,0
BRDA:100,8,0,0
BRDA:100,8,1,0
BRDA:115,9,0,0
BRDA:115,9,1,0
BRDA:127,10,0,0
BRDA:127,10,1,0
BRDA:181,11,0,0
BRDA:181,11,1,0
BRF:26
BRH:0
end_of_record
